2018-12-03 14:37:07,121 [Worker-6: Loading available Gradle versions] INFO  c.g.t.t.d.PublishedGradleVersions - Gradle version information cache is up-to-date. Trying to read.
2018-12-03 15:29:16,114 [ModalContext] INFO  o.e.m.c.i.e.AbstractTransferListenerAdapter - Downloading https://repo.maven.apache.org/maven2/org/apache/maven/archetypes/maven-archetype-quickstart/1.1/maven-archetype-quickstart-1.1.jar
2018-12-03 15:29:16,230 [ModalContext] INFO  o.e.m.c.i.e.AbstractTransferListenerAdapter - Downloaded https://repo.maven.apache.org/maven2/org/apache/maven/archetypes/maven-archetype-quickstart/1.1/maven-archetype-quickstart-1.1.jar
2018-12-03 15:29:16,273 [ModalContext] INFO  o.e.m.c.i.e.AbstractTransferListenerAdapter - Downloading https://repo.maven.apache.org/maven2/org/apache/maven/archetypes/maven-archetype-quickstart/1.1/maven-archetype-quickstart-1.1.pom
2018-12-03 15:29:16,321 [ModalContext] INFO  o.e.m.c.i.e.AbstractTransferListenerAdapter - Downloaded https://repo.maven.apache.org/maven2/org/apache/maven/archetypes/maven-archetype-quickstart/1.1/maven-archetype-quickstart-1.1.pom
2018-12-03 15:31:29,056 [Worker-37: Creating maven-archetype-quickstart] INFO  o.e.m.c.i.p.ProjectConfigurationManager - Collecting project info '/pom.xml' C:\Users\xuhaolin\Desktop\Connected Devices\Semester Project\iot-gateway\pom.xml
2018-12-03 15:31:33,710 [Worker-37: Creating maven-archetype-quickstart] INFO  o.e.m.c.i.l.LifecycleMappingFactory - Using org.eclipse.m2e.jdt.JarLifecycleMapping lifecycle mapping for MavenProject: org.haolinxu.iot:iot-gateway:0.0.1-SNAPSHOT @ C:\Users\xuhaolin\Desktop\Connected Devices\Semester Project\iot-gateway\pom.xml.
2018-12-03 15:31:34,789 [Worker-37: Creating maven-archetype-quickstart] INFO  o.e.m.j.i.AbstractJavaProjectConfigurator - Adding source folder /iot-gateway/src/main/java
2018-12-03 15:31:34,802 [Worker-37: Creating maven-archetype-quickstart] INFO  o.e.m.j.i.AbstractJavaProjectConfigurator - Adding source folder /iot-gateway/src/test/java
2018-12-03 15:31:35,026 [Worker-37: Creating maven-archetype-quickstart] INFO  o.e.m.c.i.p.ProjectConfigurationManager - Imported and configured 1 project(s) in 5 sec
2018-12-03 15:31:35,514 [Worker-42: Building workspace] INFO  o.e.m.c.i.embedder.EclipseLogger - Using 'UTF-8' encoding to copy filtered resources.
2018-12-03 15:31:35,515 [Worker-42: Building workspace] INFO  o.e.m.c.i.embedder.EclipseLogger - skip non existing resourceDirectory C:\Users\xuhaolin\Desktop\Connected Devices\Semester Project\iot-gateway\src\main\resources
2018-12-03 15:31:35,519 [Worker-42: Building workspace] INFO  o.e.m.c.i.embedder.EclipseLogger - Using 'UTF-8' encoding to copy filtered resources.
2018-12-03 15:31:35,519 [Worker-42: Building workspace] INFO  o.e.m.c.i.embedder.EclipseLogger - skip non existing resourceDirectory C:\Users\xuhaolin\Desktop\Connected Devices\Semester Project\iot-gateway\src\test\resources
2018-12-03 15:31:35,700 [Worker-43: Download sources and javadoc] INFO  o.e.m.c.i.e.AbstractTransferListenerAdapter - Downloading https://repo.maven.apache.org/maven2/junit/junit/3.8.1/junit-3.8.1-sources.jar
2018-12-03 15:31:35,873 [Worker-43: Download sources and javadoc] INFO  o.e.m.c.i.e.AbstractTransferListenerAdapter - Downloaded https://repo.maven.apache.org/maven2/junit/junit/3.8.1/junit-3.8.1-sources.jar
2018-12-03 15:31:36,072 [Worker-43: Download sources and javadoc] INFO  o.e.m.j.internal.DownloadSourcesJob - Downloaded sources for junit:junit:3.8.1
2018-12-03 15:31:36,082 [Worker-43: Download sources and javadoc] INFO  o.e.m.j.internal.DownloadSourcesJob - Downloaded sources for junit:junit:3.8.1
2018-12-03 15:31:36,567 [Worker-41: Building workspace] INFO  o.e.m.c.i.embedder.EclipseLogger - Using 'UTF-8' encoding to copy filtered resources.
2018-12-03 15:31:36,567 [Worker-41: Building workspace] INFO  o.e.m.c.i.embedder.EclipseLogger - skip non existing resourceDirectory C:\Users\xuhaolin\Desktop\Connected Devices\Semester Project\iot-gateway\src\main\resources
2018-12-03 15:31:36,570 [Worker-41: Building workspace] INFO  o.e.m.c.i.embedder.EclipseLogger - Using 'UTF-8' encoding to copy filtered resources.
2018-12-03 15:31:36,570 [Worker-41: Building workspace] INFO  o.e.m.c.i.embedder.EclipseLogger - skip non existing resourceDirectory C:\Users\xuhaolin\Desktop\Connected Devices\Semester Project\iot-gateway\src\test\resources
2018-12-03 15:33:56,366 [Worker-42: Building workspace] INFO  o.e.m.c.i.l.LifecycleMappingFactory - Using org.eclipse.m2e.jdt.JarLifecycleMapping lifecycle mapping for MavenProject: org.haolinxu.iot:iot-gateway:0.0.1-SNAPSHOT @ C:\Users\xuhaolin\Desktop\Connected Devices\Semester Project\iot-gateway\pom.xml.
2018-12-03 15:33:56,893 [Worker-42: Building workspace] INFO  o.e.m.c.i.embedder.EclipseLogger - Using 'UTF-8' encoding to copy filtered resources.
2018-12-03 15:33:56,894 [Worker-42: Building workspace] INFO  o.e.m.c.i.embedder.EclipseLogger - skip non existing resourceDirectory C:\Users\xuhaolin\Desktop\Connected Devices\Semester Project\iot-gateway\src\main\resources
2018-12-03 15:33:56,897 [Worker-42: Building workspace] INFO  o.e.m.c.i.embedder.EclipseLogger - Using 'UTF-8' encoding to copy filtered resources.
2018-12-03 15:33:56,909 [Worker-42: Building workspace] INFO  o.e.m.c.i.embedder.EclipseLogger - skip non existing resourceDirectory C:\Users\xuhaolin\Desktop\Connected Devices\Semester Project\iot-gateway\src\test\resources
2018-12-03 15:33:58,513 [Worker-45: Building workspace] INFO  o.e.m.c.i.embedder.EclipseLogger - Using 'UTF-8' encoding to copy filtered resources.
2018-12-03 15:33:58,515 [Worker-45: Building workspace] INFO  o.e.m.c.i.embedder.EclipseLogger - skip non existing resourceDirectory C:\Users\xuhaolin\Desktop\Connected Devices\Semester Project\iot-gateway\src\main\resources
2018-12-03 15:33:58,518 [Worker-45: Building workspace] INFO  o.e.m.c.i.embedder.EclipseLogger - Using 'UTF-8' encoding to copy filtered resources.
2018-12-03 15:33:58,521 [Worker-45: Building workspace] INFO  o.e.m.c.i.embedder.EclipseLogger - skip non existing resourceDirectory C:\Users\xuhaolin\Desktop\Connected Devices\Semester Project\iot-gateway\src\test\resources
2018-12-04 10:21:03,654 [Worker-112: Building workspace] INFO  o.e.m.c.i.embedder.EclipseLogger - Using 'UTF-8' encoding to copy filtered resources.
2018-12-04 10:21:03,655 [Worker-112: Building workspace] INFO  o.e.m.c.i.embedder.EclipseLogger - skip non existing resourceDirectory C:\Users\xuhaolin\Desktop\Connected Devices\Semester Project\iot-gateway\src\main\resources
2018-12-04 10:21:03,658 [Worker-112: Building workspace] INFO  o.e.m.c.i.embedder.EclipseLogger - Using 'UTF-8' encoding to copy filtered resources.
2018-12-04 10:21:03,660 [Worker-112: Building workspace] INFO  o.e.m.c.i.embedder.EclipseLogger - skip non existing resourceDirectory C:\Users\xuhaolin\Desktop\Connected Devices\Semester Project\iot-gateway\src\test\resources
2018-12-04 10:47:56,079 [Worker-116: Building workspace] INFO  o.e.m.c.i.embedder.EclipseLogger - Using 'UTF-8' encoding to copy filtered resources.
2018-12-04 10:47:56,080 [Worker-116: Building workspace] INFO  o.e.m.c.i.embedder.EclipseLogger - skip non existing resourceDirectory C:\Users\xuhaolin\Desktop\Connected Devices\Semester Project\iot-gateway\src\main\resources
2018-12-04 10:47:56,082 [Worker-116: Building workspace] INFO  o.e.m.c.i.embedder.EclipseLogger - Using 'UTF-8' encoding to copy filtered resources.
2018-12-04 10:47:56,083 [Worker-116: Building workspace] INFO  o.e.m.c.i.embedder.EclipseLogger - skip non existing resourceDirectory C:\Users\xuhaolin\Desktop\Connected Devices\Semester Project\iot-gateway\src\test\resources
2018-12-04 10:48:17,785 [Worker-116: Building workspace] INFO  o.e.m.c.i.embedder.EclipseLogger - Using 'UTF-8' encoding to copy filtered resources.
2018-12-04 10:48:17,786 [Worker-116: Building workspace] INFO  o.e.m.c.i.embedder.EclipseLogger - skip non existing resourceDirectory C:\Users\xuhaolin\Desktop\Connected Devices\Semester Project\iot-gateway\src\main\resources
2018-12-04 10:48:17,789 [Worker-116: Building workspace] INFO  o.e.m.c.i.embedder.EclipseLogger - Using 'UTF-8' encoding to copy filtered resources.
2018-12-04 10:48:17,790 [Worker-116: Building workspace] INFO  o.e.m.c.i.embedder.EclipseLogger - skip non existing resourceDirectory C:\Users\xuhaolin\Desktop\Connected Devices\Semester Project\iot-gateway\src\test\resources
2018-12-04 10:48:34,941 [Worker-120: Building workspace] INFO  o.e.m.c.i.embedder.EclipseLogger - Using 'UTF-8' encoding to copy filtered resources.
2018-12-04 10:48:34,942 [Worker-120: Building workspace] INFO  o.e.m.c.i.embedder.EclipseLogger - skip non existing resourceDirectory C:\Users\xuhaolin\Desktop\Connected Devices\Semester Project\iot-gateway\src\main\resources
2018-12-04 10:48:34,944 [Worker-120: Building workspace] INFO  o.e.m.c.i.embedder.EclipseLogger - Using 'UTF-8' encoding to copy filtered resources.
2018-12-04 10:48:34,946 [Worker-120: Building workspace] INFO  o.e.m.c.i.embedder.EclipseLogger - skip non existing resourceDirectory C:\Users\xuhaolin\Desktop\Connected Devices\Semester Project\iot-gateway\src\test\resources
2018-12-04 10:48:56,982 [Worker-123: Building workspace] INFO  o.e.m.c.i.embedder.EclipseLogger - Using 'UTF-8' encoding to copy filtered resources.
2018-12-04 10:48:56,983 [Worker-123: Building workspace] INFO  o.e.m.c.i.embedder.EclipseLogger - skip non existing resourceDirectory C:\Users\xuhaolin\Desktop\Connected Devices\Semester Project\iot-gateway\src\main\resources
2018-12-04 10:48:56,985 [Worker-123: Building workspace] INFO  o.e.m.c.i.embedder.EclipseLogger - Using 'UTF-8' encoding to copy filtered resources.
2018-12-04 10:48:56,986 [Worker-123: Building workspace] INFO  o.e.m.c.i.embedder.EclipseLogger - skip non existing resourceDirectory C:\Users\xuhaolin\Desktop\Connected Devices\Semester Project\iot-gateway\src\test\resources
2018-12-04 10:49:04,651 [Worker-122: Building workspace] INFO  o.e.m.c.i.embedder.EclipseLogger - Using 'UTF-8' encoding to copy filtered resources.
2018-12-04 10:49:04,653 [Worker-122: Building workspace] INFO  o.e.m.c.i.embedder.EclipseLogger - skip non existing resourceDirectory C:\Users\xuhaolin\Desktop\Connected Devices\Semester Project\iot-gateway\src\main\resources
2018-12-04 10:49:04,659 [Worker-122: Building workspace] INFO  o.e.m.c.i.embedder.EclipseLogger - Using 'UTF-8' encoding to copy filtered resources.
2018-12-04 10:49:04,660 [Worker-122: Building workspace] INFO  o.e.m.c.i.embedder.EclipseLogger - skip non existing resourceDirectory C:\Users\xuhaolin\Desktop\Connected Devices\Semester Project\iot-gateway\src\test\resources
2018-12-04 10:49:51,114 [Worker-118: Building workspace] INFO  o.e.m.c.i.embedder.EclipseLogger - Using 'UTF-8' encoding to copy filtered resources.
2018-12-04 10:49:51,115 [Worker-118: Building workspace] INFO  o.e.m.c.i.embedder.EclipseLogger - skip non existing resourceDirectory C:\Users\xuhaolin\Desktop\Connected Devices\Semester Project\iot-gateway\src\main\resources
2018-12-04 10:49:51,118 [Worker-118: Building workspace] INFO  o.e.m.c.i.embedder.EclipseLogger - Using 'UTF-8' encoding to copy filtered resources.
2018-12-04 10:49:51,119 [Worker-118: Building workspace] INFO  o.e.m.c.i.embedder.EclipseLogger - skip non existing resourceDirectory C:\Users\xuhaolin\Desktop\Connected Devices\Semester Project\iot-gateway\src\test\resources
2018-12-04 10:50:09,241 [Worker-121: Building workspace] INFO  o.e.m.c.i.embedder.EclipseLogger - Using 'UTF-8' encoding to copy filtered resources.
2018-12-04 10:50:09,242 [Worker-121: Building workspace] INFO  o.e.m.c.i.embedder.EclipseLogger - skip non existing resourceDirectory C:\Users\xuhaolin\Desktop\Connected Devices\Semester Project\iot-gateway\src\main\resources
2018-12-04 10:50:09,244 [Worker-121: Building workspace] INFO  o.e.m.c.i.embedder.EclipseLogger - Using 'UTF-8' encoding to copy filtered resources.
2018-12-04 10:50:09,245 [Worker-121: Building workspace] INFO  o.e.m.c.i.embedder.EclipseLogger - skip non existing resourceDirectory C:\Users\xuhaolin\Desktop\Connected Devices\Semester Project\iot-gateway\src\test\resources
2018-12-04 10:50:16,992 [Worker-120: Building workspace] INFO  o.e.m.c.i.embedder.EclipseLogger - Using 'UTF-8' encoding to copy filtered resources.
2018-12-04 10:50:16,993 [Worker-120: Building workspace] INFO  o.e.m.c.i.embedder.EclipseLogger - skip non existing resourceDirectory C:\Users\xuhaolin\Desktop\Connected Devices\Semester Project\iot-gateway\src\main\resources
2018-12-04 10:50:16,998 [Worker-120: Building workspace] INFO  o.e.m.c.i.embedder.EclipseLogger - Using 'UTF-8' encoding to copy filtered resources.
2018-12-04 10:50:17,000 [Worker-120: Building workspace] INFO  o.e.m.c.i.embedder.EclipseLogger - skip non existing resourceDirectory C:\Users\xuhaolin\Desktop\Connected Devices\Semester Project\iot-gateway\src\test\resources
2018-12-04 11:02:11,033 [Worker-127: Building workspace] INFO  o.e.m.c.i.embedder.EclipseLogger - Using 'UTF-8' encoding to copy filtered resources.
2018-12-04 11:02:11,034 [Worker-127: Building workspace] INFO  o.e.m.c.i.embedder.EclipseLogger - skip non existing resourceDirectory C:\Users\xuhaolin\Desktop\Connected Devices\Semester Project\iot-gateway\src\main\resources
2018-12-04 11:02:11,036 [Worker-127: Building workspace] INFO  o.e.m.c.i.embedder.EclipseLogger - Using 'UTF-8' encoding to copy filtered resources.
2018-12-04 11:02:11,037 [Worker-127: Building workspace] INFO  o.e.m.c.i.embedder.EclipseLogger - skip non existing resourceDirectory C:\Users\xuhaolin\Desktop\Connected Devices\Semester Project\iot-gateway\src\test\resources
2018-12-04 13:11:49,376 [Worker-174: Building workspace] INFO  o.e.m.c.i.embedder.EclipseLogger - Using 'UTF-8' encoding to copy filtered resources.
2018-12-04 13:11:49,377 [Worker-174: Building workspace] INFO  o.e.m.c.i.embedder.EclipseLogger - skip non existing resourceDirectory C:\Users\xuhaolin\Desktop\Connected Devices\Semester Project\iot-gateway\src\main\resources
2018-12-04 13:11:49,380 [Worker-174: Building workspace] INFO  o.e.m.c.i.embedder.EclipseLogger - Using 'UTF-8' encoding to copy filtered resources.
2018-12-04 13:11:49,381 [Worker-174: Building workspace] INFO  o.e.m.c.i.embedder.EclipseLogger - skip non existing resourceDirectory C:\Users\xuhaolin\Desktop\Connected Devices\Semester Project\iot-gateway\src\test\resources
2018-12-04 13:12:21,038 [Worker-170: Building workspace] INFO  o.e.m.c.i.embedder.EclipseLogger - Using 'UTF-8' encoding to copy filtered resources.
2018-12-04 13:12:21,040 [Worker-170: Building workspace] INFO  o.e.m.c.i.embedder.EclipseLogger - skip non existing resourceDirectory C:\Users\xuhaolin\Desktop\Connected Devices\Semester Project\iot-gateway\src\main\resources
2018-12-04 13:12:21,041 [Worker-170: Building workspace] INFO  o.e.m.c.i.embedder.EclipseLogger - Using 'UTF-8' encoding to copy filtered resources.
2018-12-04 13:12:21,042 [Worker-170: Building workspace] INFO  o.e.m.c.i.embedder.EclipseLogger - skip non existing resourceDirectory C:\Users\xuhaolin\Desktop\Connected Devices\Semester Project\iot-gateway\src\test\resources
2018-12-04 13:18:36,739 [Worker-171: Building workspace] INFO  o.e.m.c.i.embedder.EclipseLogger - Using 'UTF-8' encoding to copy filtered resources.
2018-12-04 13:18:36,740 [Worker-171: Building workspace] INFO  o.e.m.c.i.embedder.EclipseLogger - skip non existing resourceDirectory C:\Users\xuhaolin\Desktop\Connected Devices\Semester Project\iot-gateway\src\main\resources
2018-12-04 13:18:36,742 [Worker-171: Building workspace] INFO  o.e.m.c.i.embedder.EclipseLogger - Using 'UTF-8' encoding to copy filtered resources.
2018-12-04 13:18:36,743 [Worker-171: Building workspace] INFO  o.e.m.c.i.embedder.EclipseLogger - skip non existing resourceDirectory C:\Users\xuhaolin\Desktop\Connected Devices\Semester Project\iot-gateway\src\test\resources
2018-12-04 15:03:29,242 [Worker-207: Building workspace] INFO  o.e.m.c.i.embedder.EclipseLogger - Using 'UTF-8' encoding to copy filtered resources.
2018-12-04 15:03:29,243 [Worker-207: Building workspace] INFO  o.e.m.c.i.embedder.EclipseLogger - skip non existing resourceDirectory C:\Users\xuhaolin\Desktop\Connected Devices\Semester Project\iot-gateway\src\main\resources
2018-12-04 15:03:29,245 [Worker-207: Building workspace] INFO  o.e.m.c.i.embedder.EclipseLogger - Using 'UTF-8' encoding to copy filtered resources.
2018-12-04 15:03:29,246 [Worker-207: Building workspace] INFO  o.e.m.c.i.embedder.EclipseLogger - skip non existing resourceDirectory C:\Users\xuhaolin\Desktop\Connected Devices\Semester Project\iot-gateway\src\test\resources
2018-12-04 15:03:34,465 [Worker-207: Building workspace] INFO  o.e.m.c.i.embedder.EclipseLogger - Using 'UTF-8' encoding to copy filtered resources.
2018-12-04 15:03:34,466 [Worker-207: Building workspace] INFO  o.e.m.c.i.embedder.EclipseLogger - skip non existing resourceDirectory C:\Users\xuhaolin\Desktop\Connected Devices\Semester Project\iot-gateway\src\main\resources
2018-12-04 15:03:34,468 [Worker-207: Building workspace] INFO  o.e.m.c.i.embedder.EclipseLogger - Using 'UTF-8' encoding to copy filtered resources.
2018-12-04 15:03:34,469 [Worker-207: Building workspace] INFO  o.e.m.c.i.embedder.EclipseLogger - skip non existing resourceDirectory C:\Users\xuhaolin\Desktop\Connected Devices\Semester Project\iot-gateway\src\test\resources
2018-12-04 15:19:58,696 [Worker-214: Building workspace] INFO  o.e.m.c.i.embedder.EclipseLogger - Using 'UTF-8' encoding to copy filtered resources.
2018-12-04 15:19:58,697 [Worker-214: Building workspace] INFO  o.e.m.c.i.embedder.EclipseLogger - skip non existing resourceDirectory C:\Users\xuhaolin\Desktop\Connected Devices\Semester Project\iot-gateway\src\main\resources
2018-12-04 15:19:58,699 [Worker-214: Building workspace] INFO  o.e.m.c.i.embedder.EclipseLogger - Using 'UTF-8' encoding to copy filtered resources.
2018-12-04 15:19:58,700 [Worker-214: Building workspace] INFO  o.e.m.c.i.embedder.EclipseLogger - skip non existing resourceDirectory C:\Users\xuhaolin\Desktop\Connected Devices\Semester Project\iot-gateway\src\test\resources
2018-12-04 15:25:15,798 [Worker-216: Building workspace] INFO  o.e.m.c.i.embedder.EclipseLogger - Using 'UTF-8' encoding to copy filtered resources.
2018-12-04 15:25:15,799 [Worker-216: Building workspace] INFO  o.e.m.c.i.embedder.EclipseLogger - skip non existing resourceDirectory C:\Users\xuhaolin\Desktop\Connected Devices\Semester Project\iot-gateway\src\main\resources
2018-12-04 15:25:15,801 [Worker-216: Building workspace] INFO  o.e.m.c.i.embedder.EclipseLogger - Using 'UTF-8' encoding to copy filtered resources.
2018-12-04 15:25:15,803 [Worker-216: Building workspace] INFO  o.e.m.c.i.embedder.EclipseLogger - skip non existing resourceDirectory C:\Users\xuhaolin\Desktop\Connected Devices\Semester Project\iot-gateway\src\test\resources
2018-12-04 15:26:16,866 [Worker-220: Building workspace] INFO  o.e.m.c.i.embedder.EclipseLogger - Using 'UTF-8' encoding to copy filtered resources.
2018-12-04 15:26:16,867 [Worker-220: Building workspace] INFO  o.e.m.c.i.embedder.EclipseLogger - skip non existing resourceDirectory C:\Users\xuhaolin\Desktop\Connected Devices\Semester Project\iot-gateway\src\main\resources
2018-12-04 15:26:16,869 [Worker-220: Building workspace] INFO  o.e.m.c.i.embedder.EclipseLogger - Using 'UTF-8' encoding to copy filtered resources.
2018-12-04 15:26:16,870 [Worker-220: Building workspace] INFO  o.e.m.c.i.embedder.EclipseLogger - skip non existing resourceDirectory C:\Users\xuhaolin\Desktop\Connected Devices\Semester Project\iot-gateway\src\test\resources
2018-12-04 15:27:33,256 [Worker-216: Building workspace] INFO  o.e.m.c.i.embedder.EclipseLogger - Using 'UTF-8' encoding to copy filtered resources.
2018-12-04 15:27:33,257 [Worker-216: Building workspace] INFO  o.e.m.c.i.embedder.EclipseLogger - skip non existing resourceDirectory C:\Users\xuhaolin\Desktop\Connected Devices\Semester Project\iot-gateway\src\main\resources
2018-12-04 15:27:33,259 [Worker-216: Building workspace] INFO  o.e.m.c.i.embedder.EclipseLogger - Using 'UTF-8' encoding to copy filtered resources.
2018-12-04 15:27:33,260 [Worker-216: Building workspace] INFO  o.e.m.c.i.embedder.EclipseLogger - skip non existing resourceDirectory C:\Users\xuhaolin\Desktop\Connected Devices\Semester Project\iot-gateway\src\test\resources
2018-12-04 15:28:03,688 [Worker-223: Building workspace] INFO  o.e.m.c.i.embedder.EclipseLogger - Using 'UTF-8' encoding to copy filtered resources.
2018-12-04 15:28:03,690 [Worker-223: Building workspace] INFO  o.e.m.c.i.embedder.EclipseLogger - skip non existing resourceDirectory C:\Users\xuhaolin\Desktop\Connected Devices\Semester Project\iot-gateway\src\main\resources
2018-12-04 15:28:03,692 [Worker-223: Building workspace] INFO  o.e.m.c.i.embedder.EclipseLogger - Using 'UTF-8' encoding to copy filtered resources.
2018-12-04 15:28:03,694 [Worker-223: Building workspace] INFO  o.e.m.c.i.embedder.EclipseLogger - skip non existing resourceDirectory C:\Users\xuhaolin\Desktop\Connected Devices\Semester Project\iot-gateway\src\test\resources
2018-12-04 15:28:12,466 [Worker-221: Building workspace] INFO  o.e.m.c.i.embedder.EclipseLogger - Using 'UTF-8' encoding to copy filtered resources.
2018-12-04 15:28:12,467 [Worker-221: Building workspace] INFO  o.e.m.c.i.embedder.EclipseLogger - skip non existing resourceDirectory C:\Users\xuhaolin\Desktop\Connected Devices\Semester Project\iot-gateway\src\main\resources
2018-12-04 15:28:12,470 [Worker-221: Building workspace] INFO  o.e.m.c.i.embedder.EclipseLogger - Using 'UTF-8' encoding to copy filtered resources.
2018-12-04 15:28:12,471 [Worker-221: Building workspace] INFO  o.e.m.c.i.embedder.EclipseLogger - skip non existing resourceDirectory C:\Users\xuhaolin\Desktop\Connected Devices\Semester Project\iot-gateway\src\test\resources
2018-12-04 15:28:21,783 [Worker-216: Building workspace] INFO  o.e.m.c.i.embedder.EclipseLogger - Using 'UTF-8' encoding to copy filtered resources.
2018-12-04 15:28:21,784 [Worker-216: Building workspace] INFO  o.e.m.c.i.embedder.EclipseLogger - skip non existing resourceDirectory C:\Users\xuhaolin\Desktop\Connected Devices\Semester Project\iot-gateway\src\main\resources
2018-12-04 15:28:21,786 [Worker-216: Building workspace] INFO  o.e.m.c.i.embedder.EclipseLogger - Using 'UTF-8' encoding to copy filtered resources.
2018-12-04 15:28:21,787 [Worker-216: Building workspace] INFO  o.e.m.c.i.embedder.EclipseLogger - skip non existing resourceDirectory C:\Users\xuhaolin\Desktop\Connected Devices\Semester Project\iot-gateway\src\test\resources
2018-12-04 15:28:27,838 [Worker-213: Building workspace] INFO  o.e.m.c.i.embedder.EclipseLogger - Using 'UTF-8' encoding to copy filtered resources.
2018-12-04 15:28:27,839 [Worker-213: Building workspace] INFO  o.e.m.c.i.embedder.EclipseLogger - skip non existing resourceDirectory C:\Users\xuhaolin\Desktop\Connected Devices\Semester Project\iot-gateway\src\main\resources
2018-12-04 15:28:27,841 [Worker-213: Building workspace] INFO  o.e.m.c.i.embedder.EclipseLogger - Using 'UTF-8' encoding to copy filtered resources.
2018-12-04 15:28:27,842 [Worker-213: Building workspace] INFO  o.e.m.c.i.embedder.EclipseLogger - skip non existing resourceDirectory C:\Users\xuhaolin\Desktop\Connected Devices\Semester Project\iot-gateway\src\test\resources
2018-12-04 15:28:36,602 [Worker-218: Building workspace] INFO  o.e.m.c.i.embedder.EclipseLogger - Using 'UTF-8' encoding to copy filtered resources.
2018-12-04 15:28:36,603 [Worker-218: Building workspace] INFO  o.e.m.c.i.embedder.EclipseLogger - skip non existing resourceDirectory C:\Users\xuhaolin\Desktop\Connected Devices\Semester Project\iot-gateway\src\main\resources
2018-12-04 15:28:36,605 [Worker-218: Building workspace] INFO  o.e.m.c.i.embedder.EclipseLogger - Using 'UTF-8' encoding to copy filtered resources.
2018-12-04 15:28:36,606 [Worker-218: Building workspace] INFO  o.e.m.c.i.embedder.EclipseLogger - skip non existing resourceDirectory C:\Users\xuhaolin\Desktop\Connected Devices\Semester Project\iot-gateway\src\test\resources
2018-12-04 15:28:45,224 [Worker-219: Building workspace] INFO  o.e.m.c.i.embedder.EclipseLogger - Using 'UTF-8' encoding to copy filtered resources.
2018-12-04 15:28:45,226 [Worker-219: Building workspace] INFO  o.e.m.c.i.embedder.EclipseLogger - skip non existing resourceDirectory C:\Users\xuhaolin\Desktop\Connected Devices\Semester Project\iot-gateway\src\main\resources
2018-12-04 15:28:45,228 [Worker-219: Building workspace] INFO  o.e.m.c.i.embedder.EclipseLogger - Using 'UTF-8' encoding to copy filtered resources.
2018-12-04 15:28:45,229 [Worker-219: Building workspace] INFO  o.e.m.c.i.embedder.EclipseLogger - skip non existing resourceDirectory C:\Users\xuhaolin\Desktop\Connected Devices\Semester Project\iot-gateway\src\test\resources
2018-12-04 15:28:51,339 [Worker-218: Building workspace] INFO  o.e.m.c.i.embedder.EclipseLogger - Using 'UTF-8' encoding to copy filtered resources.
2018-12-04 15:28:51,341 [Worker-218: Building workspace] INFO  o.e.m.c.i.embedder.EclipseLogger - skip non existing resourceDirectory C:\Users\xuhaolin\Desktop\Connected Devices\Semester Project\iot-gateway\src\main\resources
2018-12-04 15:28:51,342 [Worker-218: Building workspace] INFO  o.e.m.c.i.embedder.EclipseLogger - Using 'UTF-8' encoding to copy filtered resources.
2018-12-04 15:28:51,343 [Worker-218: Building workspace] INFO  o.e.m.c.i.embedder.EclipseLogger - skip non existing resourceDirectory C:\Users\xuhaolin\Desktop\Connected Devices\Semester Project\iot-gateway\src\test\resources
2018-12-04 15:57:39,635 [Worker-229: Building workspace] INFO  o.e.m.c.i.embedder.EclipseLogger - Using 'UTF-8' encoding to copy filtered resources.
2018-12-04 15:57:39,636 [Worker-229: Building workspace] INFO  o.e.m.c.i.embedder.EclipseLogger - skip non existing resourceDirectory C:\Users\xuhaolin\Desktop\Connected Devices\Semester Project\iot-gateway\src\main\resources
2018-12-04 15:57:39,639 [Worker-229: Building workspace] INFO  o.e.m.c.i.embedder.EclipseLogger - Using 'UTF-8' encoding to copy filtered resources.
2018-12-04 15:57:39,640 [Worker-229: Building workspace] INFO  o.e.m.c.i.embedder.EclipseLogger - skip non existing resourceDirectory C:\Users\xuhaolin\Desktop\Connected Devices\Semester Project\iot-gateway\src\test\resources
2018-12-04 15:58:15,250 [Worker-230: Building workspace] INFO  o.e.m.c.i.embedder.EclipseLogger - Using 'UTF-8' encoding to copy filtered resources.
2018-12-04 15:58:15,251 [Worker-230: Building workspace] INFO  o.e.m.c.i.embedder.EclipseLogger - skip non existing resourceDirectory C:\Users\xuhaolin\Desktop\Connected Devices\Semester Project\iot-gateway\src\main\resources
2018-12-04 15:58:15,253 [Worker-230: Building workspace] INFO  o.e.m.c.i.embedder.EclipseLogger - Using 'UTF-8' encoding to copy filtered resources.
2018-12-04 15:58:15,255 [Worker-230: Building workspace] INFO  o.e.m.c.i.embedder.EclipseLogger - skip non existing resourceDirectory C:\Users\xuhaolin\Desktop\Connected Devices\Semester Project\iot-gateway\src\test\resources
2018-12-04 15:58:32,286 [Worker-235: Building workspace] INFO  o.e.m.c.i.embedder.EclipseLogger - Using 'UTF-8' encoding to copy filtered resources.
2018-12-04 15:58:32,287 [Worker-235: Building workspace] INFO  o.e.m.c.i.embedder.EclipseLogger - skip non existing resourceDirectory C:\Users\xuhaolin\Desktop\Connected Devices\Semester Project\iot-gateway\src\main\resources
2018-12-04 15:58:32,289 [Worker-235: Building workspace] INFO  o.e.m.c.i.embedder.EclipseLogger - Using 'UTF-8' encoding to copy filtered resources.
2018-12-04 15:58:32,290 [Worker-235: Building workspace] INFO  o.e.m.c.i.embedder.EclipseLogger - skip non existing resourceDirectory C:\Users\xuhaolin\Desktop\Connected Devices\Semester Project\iot-gateway\src\test\resources
2018-12-04 17:48:42,604 [Worker-263: Building workspace] INFO  o.e.m.c.i.embedder.EclipseLogger - Using 'UTF-8' encoding to copy filtered resources.
2018-12-04 17:48:42,604 [Worker-263: Building workspace] INFO  o.e.m.c.i.embedder.EclipseLogger - skip non existing resourceDirectory C:\Users\xuhaolin\Desktop\Connected Devices\Semester Project\iot-gateway\src\main\resources
2018-12-04 17:48:42,607 [Worker-263: Building workspace] INFO  o.e.m.c.i.embedder.EclipseLogger - Using 'UTF-8' encoding to copy filtered resources.
2018-12-04 17:48:42,608 [Worker-263: Building workspace] INFO  o.e.m.c.i.embedder.EclipseLogger - skip non existing resourceDirectory C:\Users\xuhaolin\Desktop\Connected Devices\Semester Project\iot-gateway\src\test\resources
2018-12-04 17:49:15,868 [Worker-268: Building workspace] INFO  o.e.m.c.i.embedder.EclipseLogger - Using 'UTF-8' encoding to copy filtered resources.
2018-12-04 17:49:15,870 [Worker-268: Building workspace] INFO  o.e.m.c.i.embedder.EclipseLogger - skip non existing resourceDirectory C:\Users\xuhaolin\Desktop\Connected Devices\Semester Project\iot-gateway\src\main\resources
2018-12-04 17:49:15,871 [Worker-268: Building workspace] INFO  o.e.m.c.i.embedder.EclipseLogger - Using 'UTF-8' encoding to copy filtered resources.
2018-12-04 17:49:15,873 [Worker-268: Building workspace] INFO  o.e.m.c.i.embedder.EclipseLogger - skip non existing resourceDirectory C:\Users\xuhaolin\Desktop\Connected Devices\Semester Project\iot-gateway\src\test\resources
2018-12-04 18:17:24,430 [Worker-276: Building workspace] INFO  o.e.m.c.i.embedder.EclipseLogger - Using 'UTF-8' encoding to copy filtered resources.
2018-12-04 18:17:24,431 [Worker-276: Building workspace] INFO  o.e.m.c.i.embedder.EclipseLogger - skip non existing resourceDirectory C:\Users\xuhaolin\Desktop\Connected Devices\Semester Project\iot-gateway\src\main\resources
2018-12-04 18:17:24,434 [Worker-276: Building workspace] INFO  o.e.m.c.i.embedder.EclipseLogger - Using 'UTF-8' encoding to copy filtered resources.
2018-12-04 18:17:24,435 [Worker-276: Building workspace] INFO  o.e.m.c.i.embedder.EclipseLogger - skip non existing resourceDirectory C:\Users\xuhaolin\Desktop\Connected Devices\Semester Project\iot-gateway\src\test\resources
2018-12-04 18:29:13,927 [Worker-281: Building workspace] INFO  o.e.m.c.i.embedder.EclipseLogger - Using 'UTF-8' encoding to copy filtered resources.
2018-12-04 18:29:13,929 [Worker-281: Building workspace] INFO  o.e.m.c.i.embedder.EclipseLogger - skip non existing resourceDirectory C:\Users\xuhaolin\Desktop\Connected Devices\Semester Project\iot-gateway\src\main\resources
2018-12-04 18:29:13,932 [Worker-281: Building workspace] INFO  o.e.m.c.i.embedder.EclipseLogger - Using 'UTF-8' encoding to copy filtered resources.
2018-12-04 18:29:13,933 [Worker-281: Building workspace] INFO  o.e.m.c.i.embedder.EclipseLogger - skip non existing resourceDirectory C:\Users\xuhaolin\Desktop\Connected Devices\Semester Project\iot-gateway\src\test\resources
2018-12-04 18:29:41,186 [Worker-283: Building workspace] INFO  o.e.m.c.i.embedder.EclipseLogger - Using 'UTF-8' encoding to copy filtered resources.
2018-12-04 18:29:41,187 [Worker-283: Building workspace] INFO  o.e.m.c.i.embedder.EclipseLogger - skip non existing resourceDirectory C:\Users\xuhaolin\Desktop\Connected Devices\Semester Project\iot-gateway\src\main\resources
2018-12-04 18:29:41,189 [Worker-283: Building workspace] INFO  o.e.m.c.i.embedder.EclipseLogger - Using 'UTF-8' encoding to copy filtered resources.
2018-12-04 18:29:41,190 [Worker-283: Building workspace] INFO  o.e.m.c.i.embedder.EclipseLogger - skip non existing resourceDirectory C:\Users\xuhaolin\Desktop\Connected Devices\Semester Project\iot-gateway\src\test\resources
2018-12-04 20:35:28,366 [Worker-3: Loading available Gradle versions] INFO  c.g.t.t.d.PublishedGradleVersions - Gradle version information cache is up-to-date. Trying to read.
2018-12-04 20:35:46,277 [Worker-14: Building workspace] INFO  o.e.m.c.i.embedder.EclipseLogger - Using 'UTF-8' encoding to copy filtered resources.
2018-12-04 20:35:46,278 [Worker-14: Building workspace] INFO  o.e.m.c.i.embedder.EclipseLogger - skip non existing resourceDirectory C:\Users\xuhaolin\Desktop\Connected Devices\Semester Project\iot-gateway\src\main\resources
2018-12-04 20:35:46,281 [Worker-14: Building workspace] INFO  o.e.m.c.i.embedder.EclipseLogger - Using 'UTF-8' encoding to copy filtered resources.
2018-12-04 20:35:46,281 [Worker-14: Building workspace] INFO  o.e.m.c.i.embedder.EclipseLogger - skip non existing resourceDirectory C:\Users\xuhaolin\Desktop\Connected Devices\Semester Project\iot-gateway\src\test\resources
2018-12-06 14:56:52,576 [Worker-3: Loading available Gradle versions] INFO  c.g.t.t.d.PublishedGradleVersions - Gradle version information cache is up-to-date. Trying to read.
2018-12-07 11:26:39,582 [Worker-2: Loading available Gradle versions] INFO  c.g.t.t.d.PublishedGradleVersions - Gradle version information cache is up-to-date. Trying to read.
2018-12-07 11:27:05,589 [Worker-5: Building workspace] INFO  o.e.m.c.i.embedder.EclipseLogger - Using 'UTF-8' encoding to copy filtered resources.
2018-12-07 11:27:05,590 [Worker-5: Building workspace] INFO  o.e.m.c.i.embedder.EclipseLogger - skip non existing resourceDirectory C:\Users\xuhaolin\Desktop\Connected Devices\Semester Project\iot-gateway\src\main\resources
2018-12-07 11:27:05,593 [Worker-5: Building workspace] INFO  o.e.m.c.i.embedder.EclipseLogger - Using 'UTF-8' encoding to copy filtered resources.
2018-12-07 11:27:05,593 [Worker-5: Building workspace] INFO  o.e.m.c.i.embedder.EclipseLogger - skip non existing resourceDirectory C:\Users\xuhaolin\Desktop\Connected Devices\Semester Project\iot-gateway\src\test\resources
2018-12-07 12:05:35,258 [Worker-35: Building workspace] INFO  o.e.m.c.i.embedder.EclipseLogger - Using 'UTF-8' encoding to copy filtered resources.
2018-12-07 12:05:35,259 [Worker-35: Building workspace] INFO  o.e.m.c.i.embedder.EclipseLogger - skip non existing resourceDirectory C:\Users\xuhaolin\Desktop\Connected Devices\Semester Project\iot-gateway\src\main\resources
2018-12-07 12:05:35,260 [Worker-35: Building workspace] INFO  o.e.m.c.i.embedder.EclipseLogger - Using 'UTF-8' encoding to copy filtered resources.
2018-12-07 12:05:35,260 [Worker-35: Building workspace] INFO  o.e.m.c.i.embedder.EclipseLogger - skip non existing resourceDirectory C:\Users\xuhaolin\Desktop\Connected Devices\Semester Project\iot-gateway\src\test\resources
2018-12-07 12:06:36,200 [Worker-5: Loading available Gradle versions] INFO  c.g.t.t.d.PublishedGradleVersions - Gradle version information cache is up-to-date. Trying to read.
2018-12-07 12:06:41,533 [Worker-12: Building workspace] INFO  o.e.m.c.i.embedder.EclipseLogger - Using 'UTF-8' encoding to copy filtered resources.
2018-12-07 12:06:41,536 [Worker-12: Building workspace] INFO  o.e.m.c.i.embedder.EclipseLogger - skip non existing resourceDirectory C:\Users\xuhaolin\Desktop\Connected Devices\Semester Project\iot-gateway\src\main\resources
2018-12-07 12:06:41,541 [Worker-12: Building workspace] INFO  o.e.m.c.i.embedder.EclipseLogger - Using 'UTF-8' encoding to copy filtered resources.
2018-12-07 12:06:41,547 [Worker-12: Building workspace] INFO  o.e.m.c.i.embedder.EclipseLogger - skip non existing resourceDirectory C:\Users\xuhaolin\Desktop\Connected Devices\Semester Project\iot-gateway\src\test\resources
2018-12-07 12:16:23,064 [Worker-21: Building workspace] INFO  o.e.m.c.i.embedder.EclipseLogger - Using 'UTF-8' encoding to copy filtered resources.
2018-12-07 12:16:23,064 [Worker-21: Building workspace] INFO  o.e.m.c.i.embedder.EclipseLogger - skip non existing resourceDirectory C:\Users\xuhaolin\Desktop\Connected Devices\Semester Project\iot-gateway\src\main\resources
2018-12-07 12:16:23,066 [Worker-21: Building workspace] INFO  o.e.m.c.i.embedder.EclipseLogger - Using 'UTF-8' encoding to copy filtered resources.
2018-12-07 12:16:23,067 [Worker-21: Building workspace] INFO  o.e.m.c.i.embedder.EclipseLogger - skip non existing resourceDirectory C:\Users\xuhaolin\Desktop\Connected Devices\Semester Project\iot-gateway\src\test\resources
2018-12-07 12:21:13,868 [Worker-25: Building workspace] INFO  o.e.m.c.i.embedder.EclipseLogger - Using 'UTF-8' encoding to copy filtered resources.
2018-12-07 12:21:13,868 [Worker-25: Building workspace] INFO  o.e.m.c.i.embedder.EclipseLogger - skip non existing resourceDirectory C:\Users\xuhaolin\Desktop\Connected Devices\Semester Project\iot-gateway\src\main\resources
2018-12-07 12:21:13,869 [Worker-25: Building workspace] INFO  o.e.m.c.i.embedder.EclipseLogger - Using 'UTF-8' encoding to copy filtered resources.
2018-12-07 12:21:13,869 [Worker-25: Building workspace] INFO  o.e.m.c.i.embedder.EclipseLogger - skip non existing resourceDirectory C:\Users\xuhaolin\Desktop\Connected Devices\Semester Project\iot-gateway\src\test\resources
2018-12-07 12:28:07,675 [Worker-24: Building workspace] INFO  o.e.m.c.i.embedder.EclipseLogger - Using 'UTF-8' encoding to copy filtered resources.
2018-12-07 12:28:07,675 [Worker-24: Building workspace] INFO  o.e.m.c.i.embedder.EclipseLogger - skip non existing resourceDirectory C:\Users\xuhaolin\Desktop\Connected Devices\Semester Project\iot-gateway\src\main\resources
2018-12-07 12:28:07,677 [Worker-24: Building workspace] INFO  o.e.m.c.i.embedder.EclipseLogger - Using 'UTF-8' encoding to copy filtered resources.
2018-12-07 12:28:07,679 [Worker-24: Building workspace] INFO  o.e.m.c.i.embedder.EclipseLogger - skip non existing resourceDirectory C:\Users\xuhaolin\Desktop\Connected Devices\Semester Project\iot-gateway\src\test\resources
2018-12-07 13:46:59,525 [Worker-58: Building workspace] INFO  o.e.m.c.i.embedder.EclipseLogger - Using 'UTF-8' encoding to copy filtered resources.
2018-12-07 13:46:59,525 [Worker-58: Building workspace] INFO  o.e.m.c.i.embedder.EclipseLogger - skip non existing resourceDirectory C:\Users\xuhaolin\Desktop\Connected Devices\Semester Project\iot-gateway\src\main\resources
2018-12-07 13:46:59,530 [Worker-58: Building workspace] INFO  o.e.m.c.i.embedder.EclipseLogger - Using 'UTF-8' encoding to copy filtered resources.
2018-12-07 13:46:59,531 [Worker-58: Building workspace] INFO  o.e.m.c.i.embedder.EclipseLogger - skip non existing resourceDirectory C:\Users\xuhaolin\Desktop\Connected Devices\Semester Project\iot-gateway\src\test\resources
2018-12-07 13:47:19,469 [Worker-54: Building workspace] INFO  o.e.m.c.i.embedder.EclipseLogger - Using 'UTF-8' encoding to copy filtered resources.
2018-12-07 13:47:19,470 [Worker-54: Building workspace] INFO  o.e.m.c.i.embedder.EclipseLogger - skip non existing resourceDirectory C:\Users\xuhaolin\Desktop\Connected Devices\Semester Project\iot-gateway\src\main\resources
2018-12-07 13:47:19,473 [Worker-54: Building workspace] INFO  o.e.m.c.i.embedder.EclipseLogger - Using 'UTF-8' encoding to copy filtered resources.
2018-12-07 13:47:19,476 [Worker-54: Building workspace] INFO  o.e.m.c.i.embedder.EclipseLogger - skip non existing resourceDirectory C:\Users\xuhaolin\Desktop\Connected Devices\Semester Project\iot-gateway\src\test\resources
2018-12-07 14:45:28,348 [Worker-65: Building workspace] INFO  o.e.m.c.i.embedder.EclipseLogger - Using 'UTF-8' encoding to copy filtered resources.
2018-12-07 14:45:28,348 [Worker-65: Building workspace] INFO  o.e.m.c.i.embedder.EclipseLogger - skip non existing resourceDirectory C:\Users\xuhaolin\Desktop\Connected Devices\Semester Project\iot-gateway\src\main\resources
2018-12-07 14:45:28,351 [Worker-65: Building workspace] INFO  o.e.m.c.i.embedder.EclipseLogger - Using 'UTF-8' encoding to copy filtered resources.
2018-12-07 14:45:28,352 [Worker-65: Building workspace] INFO  o.e.m.c.i.embedder.EclipseLogger - skip non existing resourceDirectory C:\Users\xuhaolin\Desktop\Connected Devices\Semester Project\iot-gateway\src\test\resources
2018-12-07 14:48:33,964 [Worker-70: Building workspace] INFO  o.e.m.c.i.embedder.EclipseLogger - Using 'UTF-8' encoding to copy filtered resources.
2018-12-07 14:48:33,966 [Worker-70: Building workspace] INFO  o.e.m.c.i.embedder.EclipseLogger - skip non existing resourceDirectory C:\Users\xuhaolin\Desktop\Connected Devices\Semester Project\iot-gateway\src\main\resources
2018-12-07 14:48:33,970 [Worker-70: Building workspace] INFO  o.e.m.c.i.embedder.EclipseLogger - Using 'UTF-8' encoding to copy filtered resources.
2018-12-07 14:48:33,972 [Worker-70: Building workspace] INFO  o.e.m.c.i.embedder.EclipseLogger - skip non existing resourceDirectory C:\Users\xuhaolin\Desktop\Connected Devices\Semester Project\iot-gateway\src\test\resources
2018-12-07 14:49:03,341 [Worker-70: Building workspace] INFO  o.e.m.c.i.embedder.EclipseLogger - Using 'UTF-8' encoding to copy filtered resources.
2018-12-07 14:49:03,341 [Worker-70: Building workspace] INFO  o.e.m.c.i.embedder.EclipseLogger - skip non existing resourceDirectory C:\Users\xuhaolin\Desktop\Connected Devices\Semester Project\iot-gateway\src\main\resources
2018-12-07 14:49:03,342 [Worker-70: Building workspace] INFO  o.e.m.c.i.embedder.EclipseLogger - Using 'UTF-8' encoding to copy filtered resources.
2018-12-07 14:49:03,344 [Worker-70: Building workspace] INFO  o.e.m.c.i.embedder.EclipseLogger - skip non existing resourceDirectory C:\Users\xuhaolin\Desktop\Connected Devices\Semester Project\iot-gateway\src\test\resources
2018-12-07 14:50:57,978 [Worker-69: Building workspace] INFO  o.e.m.c.i.embedder.EclipseLogger - Using 'UTF-8' encoding to copy filtered resources.
2018-12-07 14:50:57,982 [Worker-69: Building workspace] INFO  o.e.m.c.i.embedder.EclipseLogger - skip non existing resourceDirectory C:\Users\xuhaolin\Desktop\Connected Devices\Semester Project\iot-gateway\src\main\resources
2018-12-07 14:50:57,989 [Worker-69: Building workspace] INFO  o.e.m.c.i.embedder.EclipseLogger - Using 'UTF-8' encoding to copy filtered resources.
2018-12-07 14:50:57,993 [Worker-69: Building workspace] INFO  o.e.m.c.i.embedder.EclipseLogger - skip non existing resourceDirectory C:\Users\xuhaolin\Desktop\Connected Devices\Semester Project\iot-gateway\src\test\resources
2018-12-07 14:52:09,889 [Worker-68: Building workspace] INFO  o.e.m.c.i.embedder.EclipseLogger - Using 'UTF-8' encoding to copy filtered resources.
2018-12-07 14:52:09,889 [Worker-68: Building workspace] INFO  o.e.m.c.i.embedder.EclipseLogger - skip non existing resourceDirectory C:\Users\xuhaolin\Desktop\Connected Devices\Semester Project\iot-gateway\src\main\resources
2018-12-07 14:52:09,891 [Worker-68: Building workspace] INFO  o.e.m.c.i.embedder.EclipseLogger - Using 'UTF-8' encoding to copy filtered resources.
2018-12-07 14:52:09,896 [Worker-68: Building workspace] INFO  o.e.m.c.i.embedder.EclipseLogger - skip non existing resourceDirectory C:\Users\xuhaolin\Desktop\Connected Devices\Semester Project\iot-gateway\src\test\resources
2018-12-07 14:54:18,137 [Worker-72: Building workspace] INFO  o.e.m.c.i.embedder.EclipseLogger - Using 'UTF-8' encoding to copy filtered resources.
2018-12-07 14:54:18,139 [Worker-72: Building workspace] INFO  o.e.m.c.i.embedder.EclipseLogger - skip non existing resourceDirectory C:\Users\xuhaolin\Desktop\Connected Devices\Semester Project\iot-gateway\src\main\resources
2018-12-07 14:54:18,143 [Worker-72: Building workspace] INFO  o.e.m.c.i.embedder.EclipseLogger - Using 'UTF-8' encoding to copy filtered resources.
2018-12-07 14:54:18,144 [Worker-72: Building workspace] INFO  o.e.m.c.i.embedder.EclipseLogger - skip non existing resourceDirectory C:\Users\xuhaolin\Desktop\Connected Devices\Semester Project\iot-gateway\src\test\resources
2018-12-07 14:54:54,775 [Worker-66: Building workspace] INFO  o.e.m.c.i.embedder.EclipseLogger - Using 'UTF-8' encoding to copy filtered resources.
2018-12-07 14:54:54,776 [Worker-66: Building workspace] INFO  o.e.m.c.i.embedder.EclipseLogger - skip non existing resourceDirectory C:\Users\xuhaolin\Desktop\Connected Devices\Semester Project\iot-gateway\src\main\resources
2018-12-07 14:54:54,778 [Worker-66: Building workspace] INFO  o.e.m.c.i.embedder.EclipseLogger - Using 'UTF-8' encoding to copy filtered resources.
2018-12-07 14:54:54,779 [Worker-66: Building workspace] INFO  o.e.m.c.i.embedder.EclipseLogger - skip non existing resourceDirectory C:\Users\xuhaolin\Desktop\Connected Devices\Semester Project\iot-gateway\src\test\resources
2018-12-07 15:10:25,498 [Worker-76: Building workspace] INFO  o.e.m.c.i.embedder.EclipseLogger - Using 'UTF-8' encoding to copy filtered resources.
2018-12-07 15:10:25,501 [Worker-76: Building workspace] INFO  o.e.m.c.i.embedder.EclipseLogger - skip non existing resourceDirectory C:\Users\xuhaolin\Desktop\Connected Devices\Semester Project\iot-gateway\src\main\resources
2018-12-07 15:10:25,510 [Worker-76: Building workspace] INFO  o.e.m.c.i.embedder.EclipseLogger - Using 'UTF-8' encoding to copy filtered resources.
2018-12-07 15:10:25,516 [Worker-76: Building workspace] INFO  o.e.m.c.i.embedder.EclipseLogger - skip non existing resourceDirectory C:\Users\xuhaolin\Desktop\Connected Devices\Semester Project\iot-gateway\src\test\resources
2018-12-07 15:10:38,438 [Worker-75: Building workspace] INFO  o.e.m.c.i.embedder.EclipseLogger - Using 'UTF-8' encoding to copy filtered resources.
2018-12-07 15:10:38,438 [Worker-75: Building workspace] INFO  o.e.m.c.i.embedder.EclipseLogger - skip non existing resourceDirectory C:\Users\xuhaolin\Desktop\Connected Devices\Semester Project\iot-gateway\src\main\resources
2018-12-07 15:10:38,440 [Worker-75: Building workspace] INFO  o.e.m.c.i.embedder.EclipseLogger - Using 'UTF-8' encoding to copy filtered resources.
2018-12-07 15:10:38,441 [Worker-75: Building workspace] INFO  o.e.m.c.i.embedder.EclipseLogger - skip non existing resourceDirectory C:\Users\xuhaolin\Desktop\Connected Devices\Semester Project\iot-gateway\src\test\resources
2018-12-07 15:25:15,404 [Worker-79: Building workspace] INFO  o.e.m.c.i.embedder.EclipseLogger - Using 'UTF-8' encoding to copy filtered resources.
2018-12-07 15:25:15,405 [Worker-79: Building workspace] INFO  o.e.m.c.i.embedder.EclipseLogger - skip non existing resourceDirectory C:\Users\xuhaolin\Desktop\Connected Devices\Semester Project\iot-gateway\src\main\resources
2018-12-07 15:25:15,409 [Worker-79: Building workspace] INFO  o.e.m.c.i.embedder.EclipseLogger - Using 'UTF-8' encoding to copy filtered resources.
2018-12-07 15:25:15,411 [Worker-79: Building workspace] INFO  o.e.m.c.i.embedder.EclipseLogger - skip non existing resourceDirectory C:\Users\xuhaolin\Desktop\Connected Devices\Semester Project\iot-gateway\src\test\resources
2018-12-07 15:33:52,314 [Worker-84: Building workspace] INFO  o.e.m.c.i.embedder.EclipseLogger - Using 'UTF-8' encoding to copy filtered resources.
2018-12-07 15:33:52,315 [Worker-84: Building workspace] INFO  o.e.m.c.i.embedder.EclipseLogger - skip non existing resourceDirectory C:\Users\xuhaolin\Desktop\Connected Devices\Semester Project\iot-gateway\src\main\resources
2018-12-07 15:33:52,316 [Worker-84: Building workspace] INFO  o.e.m.c.i.embedder.EclipseLogger - Using 'UTF-8' encoding to copy filtered resources.
2018-12-07 15:33:52,317 [Worker-84: Building workspace] INFO  o.e.m.c.i.embedder.EclipseLogger - skip non existing resourceDirectory C:\Users\xuhaolin\Desktop\Connected Devices\Semester Project\iot-gateway\src\test\resources
2018-12-07 15:38:36,025 [Worker-87: Building workspace] INFO  o.e.m.c.i.embedder.EclipseLogger - Using 'UTF-8' encoding to copy filtered resources.
2018-12-07 15:38:36,027 [Worker-87: Building workspace] INFO  o.e.m.c.i.embedder.EclipseLogger - skip non existing resourceDirectory C:\Users\xuhaolin\Desktop\Connected Devices\Semester Project\iot-gateway\src\main\resources
2018-12-07 15:38:36,028 [Worker-87: Building workspace] INFO  o.e.m.c.i.embedder.EclipseLogger - Using 'UTF-8' encoding to copy filtered resources.
2018-12-07 15:38:36,030 [Worker-87: Building workspace] INFO  o.e.m.c.i.embedder.EclipseLogger - skip non existing resourceDirectory C:\Users\xuhaolin\Desktop\Connected Devices\Semester Project\iot-gateway\src\test\resources
2018-12-07 15:39:20,485 [Worker-84: Building workspace] INFO  o.e.m.c.i.embedder.EclipseLogger - Using 'UTF-8' encoding to copy filtered resources.
2018-12-07 15:39:20,485 [Worker-84: Building workspace] INFO  o.e.m.c.i.embedder.EclipseLogger - skip non existing resourceDirectory C:\Users\xuhaolin\Desktop\Connected Devices\Semester Project\iot-gateway\src\main\resources
2018-12-07 15:39:20,489 [Worker-84: Building workspace] INFO  o.e.m.c.i.embedder.EclipseLogger - Using 'UTF-8' encoding to copy filtered resources.
2018-12-07 15:39:20,490 [Worker-84: Building workspace] INFO  o.e.m.c.i.embedder.EclipseLogger - skip non existing resourceDirectory C:\Users\xuhaolin\Desktop\Connected Devices\Semester Project\iot-gateway\src\test\resources
2018-12-07 15:40:08,159 [Worker-81: Building workspace] INFO  o.e.m.c.i.embedder.EclipseLogger - Using 'UTF-8' encoding to copy filtered resources.
2018-12-07 15:40:08,162 [Worker-81: Building workspace] INFO  o.e.m.c.i.embedder.EclipseLogger - skip non existing resourceDirectory C:\Users\xuhaolin\Desktop\Connected Devices\Semester Project\iot-gateway\src\main\resources
2018-12-07 15:40:08,169 [Worker-81: Building workspace] INFO  o.e.m.c.i.embedder.EclipseLogger - Using 'UTF-8' encoding to copy filtered resources.
2018-12-07 15:40:08,170 [Worker-81: Building workspace] INFO  o.e.m.c.i.embedder.EclipseLogger - skip non existing resourceDirectory C:\Users\xuhaolin\Desktop\Connected Devices\Semester Project\iot-gateway\src\test\resources
2018-12-07 15:40:40,262 [Worker-80: Building workspace] INFO  o.e.m.c.i.embedder.EclipseLogger - Using 'UTF-8' encoding to copy filtered resources.
2018-12-07 15:40:40,263 [Worker-80: Building workspace] INFO  o.e.m.c.i.embedder.EclipseLogger - skip non existing resourceDirectory C:\Users\xuhaolin\Desktop\Connected Devices\Semester Project\iot-gateway\src\main\resources
2018-12-07 15:40:40,264 [Worker-80: Building workspace] INFO  o.e.m.c.i.embedder.EclipseLogger - Using 'UTF-8' encoding to copy filtered resources.
2018-12-07 15:40:40,268 [Worker-80: Building workspace] INFO  o.e.m.c.i.embedder.EclipseLogger - skip non existing resourceDirectory C:\Users\xuhaolin\Desktop\Connected Devices\Semester Project\iot-gateway\src\test\resources
2018-12-07 15:40:48,912 [Worker-84: Building workspace] INFO  o.e.m.c.i.embedder.EclipseLogger - Using 'UTF-8' encoding to copy filtered resources.
2018-12-07 15:40:48,914 [Worker-84: Building workspace] INFO  o.e.m.c.i.embedder.EclipseLogger - skip non existing resourceDirectory C:\Users\xuhaolin\Desktop\Connected Devices\Semester Project\iot-gateway\src\main\resources
2018-12-07 15:40:48,917 [Worker-84: Building workspace] INFO  o.e.m.c.i.embedder.EclipseLogger - Using 'UTF-8' encoding to copy filtered resources.
2018-12-07 15:40:48,919 [Worker-84: Building workspace] INFO  o.e.m.c.i.embedder.EclipseLogger - skip non existing resourceDirectory C:\Users\xuhaolin\Desktop\Connected Devices\Semester Project\iot-gateway\src\test\resources
2018-12-07 15:41:08,424 [Worker-84: Building workspace] INFO  o.e.m.c.i.embedder.EclipseLogger - Using 'UTF-8' encoding to copy filtered resources.
2018-12-07 15:41:08,424 [Worker-84: Building workspace] INFO  o.e.m.c.i.embedder.EclipseLogger - skip non existing resourceDirectory C:\Users\xuhaolin\Desktop\Connected Devices\Semester Project\iot-gateway\src\main\resources
2018-12-07 15:41:08,428 [Worker-84: Building workspace] INFO  o.e.m.c.i.embedder.EclipseLogger - Using 'UTF-8' encoding to copy filtered resources.
2018-12-07 15:41:08,429 [Worker-84: Building workspace] INFO  o.e.m.c.i.embedder.EclipseLogger - skip non existing resourceDirectory C:\Users\xuhaolin\Desktop\Connected Devices\Semester Project\iot-gateway\src\test\resources
2018-12-07 17:20:42,541 [Worker-112: Building workspace] INFO  o.e.m.c.i.embedder.EclipseLogger - Using 'UTF-8' encoding to copy filtered resources.
2018-12-07 17:20:42,542 [Worker-112: Building workspace] INFO  o.e.m.c.i.embedder.EclipseLogger - skip non existing resourceDirectory C:\Users\xuhaolin\Desktop\Connected Devices\Semester Project\iot-gateway\src\main\resources
2018-12-07 17:20:42,549 [Worker-112: Building workspace] INFO  o.e.m.c.i.embedder.EclipseLogger - Using 'UTF-8' encoding to copy filtered resources.
2018-12-07 17:20:42,550 [Worker-112: Building workspace] INFO  o.e.m.c.i.embedder.EclipseLogger - skip non existing resourceDirectory C:\Users\xuhaolin\Desktop\Connected Devices\Semester Project\iot-gateway\src\test\resources
2018-12-07 17:20:51,301 [Worker-110: Building workspace] INFO  o.e.m.c.i.embedder.EclipseLogger - Using 'UTF-8' encoding to copy filtered resources.
2018-12-07 17:20:51,302 [Worker-110: Building workspace] INFO  o.e.m.c.i.embedder.EclipseLogger - skip non existing resourceDirectory C:\Users\xuhaolin\Desktop\Connected Devices\Semester Project\iot-gateway\src\main\resources
2018-12-07 17:20:51,302 [Worker-110: Building workspace] INFO  o.e.m.c.i.embedder.EclipseLogger - Using 'UTF-8' encoding to copy filtered resources.
2018-12-07 17:20:51,303 [Worker-110: Building workspace] INFO  o.e.m.c.i.embedder.EclipseLogger - skip non existing resourceDirectory C:\Users\xuhaolin\Desktop\Connected Devices\Semester Project\iot-gateway\src\test\resources
2018-12-07 19:10:58,509 [Worker-7: Loading available Gradle versions] INFO  c.g.t.t.d.PublishedGradleVersions - Gradle version information cache is out-of-date. Trying to update.
2018-12-07 19:11:08,144 [Worker-3: Building workspace] INFO  o.e.m.c.i.embedder.EclipseLogger - Using 'UTF-8' encoding to copy filtered resources.
2018-12-07 19:11:08,145 [Worker-3: Building workspace] INFO  o.e.m.c.i.embedder.EclipseLogger - skip non existing resourceDirectory C:\Users\xuhaolin\Desktop\Connected Devices\Semester Project\iot-gateway\src\main\resources
2018-12-07 19:11:08,148 [Worker-3: Building workspace] INFO  o.e.m.c.i.embedder.EclipseLogger - Using 'UTF-8' encoding to copy filtered resources.
2018-12-07 19:11:08,148 [Worker-3: Building workspace] INFO  o.e.m.c.i.embedder.EclipseLogger - skip non existing resourceDirectory C:\Users\xuhaolin\Desktop\Connected Devices\Semester Project\iot-gateway\src\test\resources
2018-12-07 20:10:42,982 [Worker-37: Building workspace] INFO  o.e.m.c.i.embedder.EclipseLogger - Using 'UTF-8' encoding to copy filtered resources.
2018-12-07 20:10:42,982 [Worker-37: Building workspace] INFO  o.e.m.c.i.embedder.EclipseLogger - skip non existing resourceDirectory C:\Users\xuhaolin\Desktop\Connected Devices\Semester Project\iot-gateway\src\main\resources
2018-12-07 20:10:42,983 [Worker-37: Building workspace] INFO  o.e.m.c.i.embedder.EclipseLogger - Using 'UTF-8' encoding to copy filtered resources.
2018-12-07 20:10:42,983 [Worker-37: Building workspace] INFO  o.e.m.c.i.embedder.EclipseLogger - skip non existing resourceDirectory C:\Users\xuhaolin\Desktop\Connected Devices\Semester Project\iot-gateway\src\test\resources
2018-12-07 20:11:05,693 [Worker-37: Building workspace] INFO  o.e.m.c.i.embedder.EclipseLogger - Using 'UTF-8' encoding to copy filtered resources.
2018-12-07 20:11:05,694 [Worker-37: Building workspace] INFO  o.e.m.c.i.embedder.EclipseLogger - skip non existing resourceDirectory C:\Users\xuhaolin\Desktop\Connected Devices\Semester Project\iot-gateway\src\main\resources
2018-12-07 20:11:05,696 [Worker-37: Building workspace] INFO  o.e.m.c.i.embedder.EclipseLogger - Using 'UTF-8' encoding to copy filtered resources.
2018-12-07 20:11:05,696 [Worker-37: Building workspace] INFO  o.e.m.c.i.embedder.EclipseLogger - skip non existing resourceDirectory C:\Users\xuhaolin\Desktop\Connected Devices\Semester Project\iot-gateway\src\test\resources
2018-12-07 22:41:27,064 [Worker-64: Building workspace] INFO  o.e.m.c.i.embedder.EclipseLogger - Using 'UTF-8' encoding to copy filtered resources.
2018-12-07 22:41:27,065 [Worker-64: Building workspace] INFO  o.e.m.c.i.embedder.EclipseLogger - skip non existing resourceDirectory C:\Users\xuhaolin\Desktop\Connected Devices\Semester Project\iot-gateway\src\main\resources
2018-12-07 22:41:27,068 [Worker-64: Building workspace] INFO  o.e.m.c.i.embedder.EclipseLogger - Using 'UTF-8' encoding to copy filtered resources.
2018-12-07 22:41:27,069 [Worker-64: Building workspace] INFO  o.e.m.c.i.embedder.EclipseLogger - skip non existing resourceDirectory C:\Users\xuhaolin\Desktop\Connected Devices\Semester Project\iot-gateway\src\test\resources
2018-12-07 23:00:14,863 [Worker-70: Building workspace] INFO  o.e.m.c.i.embedder.EclipseLogger - Using 'UTF-8' encoding to copy filtered resources.
2018-12-07 23:00:14,864 [Worker-70: Building workspace] INFO  o.e.m.c.i.embedder.EclipseLogger - skip non existing resourceDirectory C:\Users\xuhaolin\Desktop\Connected Devices\Semester Project\iot-gateway\src\main\resources
2018-12-07 23:00:14,865 [Worker-70: Building workspace] INFO  o.e.m.c.i.embedder.EclipseLogger - Using 'UTF-8' encoding to copy filtered resources.
2018-12-07 23:00:14,865 [Worker-70: Building workspace] INFO  o.e.m.c.i.embedder.EclipseLogger - skip non existing resourceDirectory C:\Users\xuhaolin\Desktop\Connected Devices\Semester Project\iot-gateway\src\test\resources
2018-12-07 23:09:47,227 [Worker-67: Building workspace] INFO  o.e.m.c.i.embedder.EclipseLogger - Using 'UTF-8' encoding to copy filtered resources.
2018-12-07 23:09:47,230 [Worker-67: Building workspace] INFO  o.e.m.c.i.embedder.EclipseLogger - skip non existing resourceDirectory C:\Users\xuhaolin\Desktop\Connected Devices\Semester Project\iot-gateway\src\main\resources
2018-12-07 23:09:47,237 [Worker-67: Building workspace] INFO  o.e.m.c.i.embedder.EclipseLogger - Using 'UTF-8' encoding to copy filtered resources.
2018-12-07 23:09:47,239 [Worker-67: Building workspace] INFO  o.e.m.c.i.embedder.EclipseLogger - skip non existing resourceDirectory C:\Users\xuhaolin\Desktop\Connected Devices\Semester Project\iot-gateway\src\test\resources
2018-12-07 23:23:44,093 [Worker-79: Building workspace] INFO  o.e.m.c.i.embedder.EclipseLogger - Using 'UTF-8' encoding to copy filtered resources.
2018-12-07 23:23:44,094 [Worker-79: Building workspace] INFO  o.e.m.c.i.embedder.EclipseLogger - skip non existing resourceDirectory C:\Users\xuhaolin\Desktop\Connected Devices\Semester Project\iot-gateway\src\main\resources
2018-12-07 23:23:44,094 [Worker-79: Building workspace] INFO  o.e.m.c.i.embedder.EclipseLogger - Using 'UTF-8' encoding to copy filtered resources.
2018-12-07 23:23:44,094 [Worker-79: Building workspace] INFO  o.e.m.c.i.embedder.EclipseLogger - skip non existing resourceDirectory C:\Users\xuhaolin\Desktop\Connected Devices\Semester Project\iot-gateway\src\test\resources
2018-12-07 23:28:17,031 [Worker-85: Building workspace] INFO  o.e.m.c.i.embedder.EclipseLogger - Using 'UTF-8' encoding to copy filtered resources.
2018-12-07 23:28:17,032 [Worker-85: Building workspace] INFO  o.e.m.c.i.embedder.EclipseLogger - skip non existing resourceDirectory C:\Users\xuhaolin\Desktop\Connected Devices\Semester Project\iot-gateway\src\main\resources
2018-12-07 23:28:17,033 [Worker-85: Building workspace] INFO  o.e.m.c.i.embedder.EclipseLogger - Using 'UTF-8' encoding to copy filtered resources.
2018-12-07 23:28:17,036 [Worker-85: Building workspace] INFO  o.e.m.c.i.embedder.EclipseLogger - skip non existing resourceDirectory C:\Users\xuhaolin\Desktop\Connected Devices\Semester Project\iot-gateway\src\test\resources
2018-12-07 23:34:33,609 [Worker-85: Building workspace] INFO  o.e.m.c.i.embedder.EclipseLogger - Using 'UTF-8' encoding to copy filtered resources.
2018-12-07 23:34:33,609 [Worker-85: Building workspace] INFO  o.e.m.c.i.embedder.EclipseLogger - skip non existing resourceDirectory C:\Users\xuhaolin\Desktop\Connected Devices\Semester Project\iot-gateway\src\main\resources
2018-12-07 23:34:33,612 [Worker-85: Building workspace] INFO  o.e.m.c.i.embedder.EclipseLogger - Using 'UTF-8' encoding to copy filtered resources.
2018-12-07 23:34:33,614 [Worker-85: Building workspace] INFO  o.e.m.c.i.embedder.EclipseLogger - skip non existing resourceDirectory C:\Users\xuhaolin\Desktop\Connected Devices\Semester Project\iot-gateway\src\test\resources
2018-12-07 23:34:51,405 [Worker-84: Building workspace] INFO  o.e.m.c.i.embedder.EclipseLogger - Using 'UTF-8' encoding to copy filtered resources.
2018-12-07 23:34:51,406 [Worker-84: Building workspace] INFO  o.e.m.c.i.embedder.EclipseLogger - skip non existing resourceDirectory C:\Users\xuhaolin\Desktop\Connected Devices\Semester Project\iot-gateway\src\main\resources
2018-12-07 23:34:51,409 [Worker-84: Building workspace] INFO  o.e.m.c.i.embedder.EclipseLogger - Using 'UTF-8' encoding to copy filtered resources.
2018-12-07 23:34:51,410 [Worker-84: Building workspace] INFO  o.e.m.c.i.embedder.EclipseLogger - skip non existing resourceDirectory C:\Users\xuhaolin\Desktop\Connected Devices\Semester Project\iot-gateway\src\test\resources
2018-12-07 23:40:43,427 [Worker-89: Building workspace] INFO  o.e.m.c.i.embedder.EclipseLogger - Using 'UTF-8' encoding to copy filtered resources.
2018-12-07 23:40:43,427 [Worker-89: Building workspace] INFO  o.e.m.c.i.embedder.EclipseLogger - skip non existing resourceDirectory C:\Users\xuhaolin\Desktop\Connected Devices\Semester Project\iot-gateway\src\main\resources
2018-12-07 23:40:43,427 [Worker-89: Building workspace] INFO  o.e.m.c.i.embedder.EclipseLogger - Using 'UTF-8' encoding to copy filtered resources.
2018-12-07 23:40:43,436 [Worker-89: Building workspace] INFO  o.e.m.c.i.embedder.EclipseLogger - skip non existing resourceDirectory C:\Users\xuhaolin\Desktop\Connected Devices\Semester Project\iot-gateway\src\test\resources
2018-12-07 23:43:30,454 [Worker-92: Building workspace] INFO  o.e.m.c.i.embedder.EclipseLogger - Using 'UTF-8' encoding to copy filtered resources.
2018-12-07 23:43:30,456 [Worker-92: Building workspace] INFO  o.e.m.c.i.embedder.EclipseLogger - skip non existing resourceDirectory C:\Users\xuhaolin\Desktop\Connected Devices\Semester Project\iot-gateway\src\main\resources
2018-12-07 23:43:30,469 [Worker-92: Building workspace] INFO  o.e.m.c.i.embedder.EclipseLogger - Using 'UTF-8' encoding to copy filtered resources.
2018-12-07 23:43:30,472 [Worker-92: Building workspace] INFO  o.e.m.c.i.embedder.EclipseLogger - skip non existing resourceDirectory C:\Users\xuhaolin\Desktop\Connected Devices\Semester Project\iot-gateway\src\test\resources
2018-12-07 23:52:41,079 [Worker-95: Building workspace] INFO  o.e.m.c.i.embedder.EclipseLogger - Using 'UTF-8' encoding to copy filtered resources.
2018-12-07 23:52:41,080 [Worker-95: Building workspace] INFO  o.e.m.c.i.embedder.EclipseLogger - skip non existing resourceDirectory C:\Users\xuhaolin\Desktop\Connected Devices\Semester Project\iot-gateway\src\main\resources
2018-12-07 23:52:41,084 [Worker-95: Building workspace] INFO  o.e.m.c.i.embedder.EclipseLogger - Using 'UTF-8' encoding to copy filtered resources.
2018-12-07 23:52:41,087 [Worker-95: Building workspace] INFO  o.e.m.c.i.embedder.EclipseLogger - skip non existing resourceDirectory C:\Users\xuhaolin\Desktop\Connected Devices\Semester Project\iot-gateway\src\test\resources
2018-12-07 23:56:33,064 [Worker-102: Building workspace] INFO  o.e.m.c.i.embedder.EclipseLogger - Using 'UTF-8' encoding to copy filtered resources.
2018-12-07 23:56:33,065 [Worker-102: Building workspace] INFO  o.e.m.c.i.embedder.EclipseLogger - skip non existing resourceDirectory C:\Users\xuhaolin\Desktop\Connected Devices\Semester Project\iot-gateway\src\main\resources
2018-12-07 23:56:33,072 [Worker-102: Building workspace] INFO  o.e.m.c.i.embedder.EclipseLogger - Using 'UTF-8' encoding to copy filtered resources.
2018-12-07 23:56:33,073 [Worker-102: Building workspace] INFO  o.e.m.c.i.embedder.EclipseLogger - skip non existing resourceDirectory C:\Users\xuhaolin\Desktop\Connected Devices\Semester Project\iot-gateway\src\test\resources
2018-12-07 23:56:44,804 [Worker-101: Building workspace] INFO  o.e.m.c.i.embedder.EclipseLogger - Using 'UTF-8' encoding to copy filtered resources.
2018-12-07 23:56:44,805 [Worker-101: Building workspace] INFO  o.e.m.c.i.embedder.EclipseLogger - skip non existing resourceDirectory C:\Users\xuhaolin\Desktop\Connected Devices\Semester Project\iot-gateway\src\main\resources
2018-12-07 23:56:44,806 [Worker-101: Building workspace] INFO  o.e.m.c.i.embedder.EclipseLogger - Using 'UTF-8' encoding to copy filtered resources.
2018-12-07 23:56:44,807 [Worker-101: Building workspace] INFO  o.e.m.c.i.embedder.EclipseLogger - skip non existing resourceDirectory C:\Users\xuhaolin\Desktop\Connected Devices\Semester Project\iot-gateway\src\test\resources
2018-12-08 00:06:28,210 [Worker-94: Building workspace] INFO  o.e.m.c.i.embedder.EclipseLogger - Using 'UTF-8' encoding to copy filtered resources.
2018-12-08 00:06:28,210 [Worker-94: Building workspace] INFO  o.e.m.c.i.embedder.EclipseLogger - skip non existing resourceDirectory C:\Users\xuhaolin\Desktop\Connected Devices\Semester Project\iot-gateway\src\main\resources
2018-12-08 00:06:28,215 [Worker-94: Building workspace] INFO  o.e.m.c.i.embedder.EclipseLogger - Using 'UTF-8' encoding to copy filtered resources.
2018-12-08 00:06:28,216 [Worker-94: Building workspace] INFO  o.e.m.c.i.embedder.EclipseLogger - skip non existing resourceDirectory C:\Users\xuhaolin\Desktop\Connected Devices\Semester Project\iot-gateway\src\test\resources
2018-12-08 00:06:51,591 [Worker-107: Building workspace] INFO  o.e.m.c.i.embedder.EclipseLogger - Using 'UTF-8' encoding to copy filtered resources.
2018-12-08 00:06:51,591 [Worker-107: Building workspace] INFO  o.e.m.c.i.embedder.EclipseLogger - skip non existing resourceDirectory C:\Users\xuhaolin\Desktop\Connected Devices\Semester Project\iot-gateway\src\main\resources
2018-12-08 00:06:51,594 [Worker-107: Building workspace] INFO  o.e.m.c.i.embedder.EclipseLogger - Using 'UTF-8' encoding to copy filtered resources.
2018-12-08 00:06:51,595 [Worker-107: Building workspace] INFO  o.e.m.c.i.embedder.EclipseLogger - skip non existing resourceDirectory C:\Users\xuhaolin\Desktop\Connected Devices\Semester Project\iot-gateway\src\test\resources
2018-12-08 00:06:58,742 [Worker-94: Building workspace] INFO  o.e.m.c.i.embedder.EclipseLogger - Using 'UTF-8' encoding to copy filtered resources.
2018-12-08 00:06:58,743 [Worker-94: Building workspace] INFO  o.e.m.c.i.embedder.EclipseLogger - skip non existing resourceDirectory C:\Users\xuhaolin\Desktop\Connected Devices\Semester Project\iot-gateway\src\main\resources
2018-12-08 00:06:58,746 [Worker-94: Building workspace] INFO  o.e.m.c.i.embedder.EclipseLogger - Using 'UTF-8' encoding to copy filtered resources.
2018-12-08 00:06:58,747 [Worker-94: Building workspace] INFO  o.e.m.c.i.embedder.EclipseLogger - skip non existing resourceDirectory C:\Users\xuhaolin\Desktop\Connected Devices\Semester Project\iot-gateway\src\test\resources
2018-12-08 00:08:44,379 [Worker-108: Building workspace] INFO  o.e.m.c.i.embedder.EclipseLogger - Using 'UTF-8' encoding to copy filtered resources.
2018-12-08 00:08:44,380 [Worker-108: Building workspace] INFO  o.e.m.c.i.embedder.EclipseLogger - skip non existing resourceDirectory C:\Users\xuhaolin\Desktop\Connected Devices\Semester Project\iot-gateway\src\main\resources
2018-12-08 00:08:44,380 [Worker-108: Building workspace] INFO  o.e.m.c.i.embedder.EclipseLogger - Using 'UTF-8' encoding to copy filtered resources.
2018-12-08 00:08:44,380 [Worker-108: Building workspace] INFO  o.e.m.c.i.embedder.EclipseLogger - skip non existing resourceDirectory C:\Users\xuhaolin\Desktop\Connected Devices\Semester Project\iot-gateway\src\test\resources
2018-12-08 00:09:58,375 [Worker-107: Building workspace] INFO  o.e.m.c.i.embedder.EclipseLogger - Using 'UTF-8' encoding to copy filtered resources.
2018-12-08 00:09:58,376 [Worker-107: Building workspace] INFO  o.e.m.c.i.embedder.EclipseLogger - skip non existing resourceDirectory C:\Users\xuhaolin\Desktop\Connected Devices\Semester Project\iot-gateway\src\main\resources
2018-12-08 00:09:58,386 [Worker-107: Building workspace] INFO  o.e.m.c.i.embedder.EclipseLogger - Using 'UTF-8' encoding to copy filtered resources.
2018-12-08 00:09:58,389 [Worker-107: Building workspace] INFO  o.e.m.c.i.embedder.EclipseLogger - skip non existing resourceDirectory C:\Users\xuhaolin\Desktop\Connected Devices\Semester Project\iot-gateway\src\test\resources
2018-12-08 00:10:14,378 [Worker-110: Building workspace] INFO  o.e.m.c.i.embedder.EclipseLogger - Using 'UTF-8' encoding to copy filtered resources.
2018-12-08 00:10:14,378 [Worker-110: Building workspace] INFO  o.e.m.c.i.embedder.EclipseLogger - skip non existing resourceDirectory C:\Users\xuhaolin\Desktop\Connected Devices\Semester Project\iot-gateway\src\main\resources
2018-12-08 00:10:14,379 [Worker-110: Building workspace] INFO  o.e.m.c.i.embedder.EclipseLogger - Using 'UTF-8' encoding to copy filtered resources.
2018-12-08 00:10:14,381 [Worker-110: Building workspace] INFO  o.e.m.c.i.embedder.EclipseLogger - skip non existing resourceDirectory C:\Users\xuhaolin\Desktop\Connected Devices\Semester Project\iot-gateway\src\test\resources
2018-12-08 00:11:07,690 [Worker-110: Building workspace] INFO  o.e.m.c.i.embedder.EclipseLogger - Using 'UTF-8' encoding to copy filtered resources.
2018-12-08 00:11:07,692 [Worker-110: Building workspace] INFO  o.e.m.c.i.embedder.EclipseLogger - skip non existing resourceDirectory C:\Users\xuhaolin\Desktop\Connected Devices\Semester Project\iot-gateway\src\main\resources
2018-12-08 00:11:07,697 [Worker-110: Building workspace] INFO  o.e.m.c.i.embedder.EclipseLogger - Using 'UTF-8' encoding to copy filtered resources.
2018-12-08 00:11:07,699 [Worker-110: Building workspace] INFO  o.e.m.c.i.embedder.EclipseLogger - skip non existing resourceDirectory C:\Users\xuhaolin\Desktop\Connected Devices\Semester Project\iot-gateway\src\test\resources
2018-12-08 00:11:34,076 [Worker-109: Building workspace] INFO  o.e.m.c.i.embedder.EclipseLogger - Using 'UTF-8' encoding to copy filtered resources.
2018-12-08 00:11:34,077 [Worker-109: Building workspace] INFO  o.e.m.c.i.embedder.EclipseLogger - skip non existing resourceDirectory C:\Users\xuhaolin\Desktop\Connected Devices\Semester Project\iot-gateway\src\main\resources
2018-12-08 00:11:34,078 [Worker-109: Building workspace] INFO  o.e.m.c.i.embedder.EclipseLogger - Using 'UTF-8' encoding to copy filtered resources.
2018-12-08 00:11:34,079 [Worker-109: Building workspace] INFO  o.e.m.c.i.embedder.EclipseLogger - skip non existing resourceDirectory C:\Users\xuhaolin\Desktop\Connected Devices\Semester Project\iot-gateway\src\test\resources
2018-12-08 00:11:42,745 [Worker-94: Building workspace] INFO  o.e.m.c.i.embedder.EclipseLogger - Using 'UTF-8' encoding to copy filtered resources.
2018-12-08 00:11:42,749 [Worker-94: Building workspace] INFO  o.e.m.c.i.embedder.EclipseLogger - skip non existing resourceDirectory C:\Users\xuhaolin\Desktop\Connected Devices\Semester Project\iot-gateway\src\main\resources
2018-12-08 00:11:42,753 [Worker-94: Building workspace] INFO  o.e.m.c.i.embedder.EclipseLogger - Using 'UTF-8' encoding to copy filtered resources.
2018-12-08 00:11:42,756 [Worker-94: Building workspace] INFO  o.e.m.c.i.embedder.EclipseLogger - skip non existing resourceDirectory C:\Users\xuhaolin\Desktop\Connected Devices\Semester Project\iot-gateway\src\test\resources
2018-12-08 00:11:52,870 [Worker-110: Building workspace] INFO  o.e.m.c.i.embedder.EclipseLogger - Using 'UTF-8' encoding to copy filtered resources.
2018-12-08 00:11:52,870 [Worker-110: Building workspace] INFO  o.e.m.c.i.embedder.EclipseLogger - skip non existing resourceDirectory C:\Users\xuhaolin\Desktop\Connected Devices\Semester Project\iot-gateway\src\main\resources
2018-12-08 00:11:52,871 [Worker-110: Building workspace] INFO  o.e.m.c.i.embedder.EclipseLogger - Using 'UTF-8' encoding to copy filtered resources.
2018-12-08 00:11:52,872 [Worker-110: Building workspace] INFO  o.e.m.c.i.embedder.EclipseLogger - skip non existing resourceDirectory C:\Users\xuhaolin\Desktop\Connected Devices\Semester Project\iot-gateway\src\test\resources
2018-12-08 00:11:56,576 [Worker-109: Building workspace] INFO  o.e.m.c.i.embedder.EclipseLogger - Using 'UTF-8' encoding to copy filtered resources.
2018-12-08 00:11:56,578 [Worker-109: Building workspace] INFO  o.e.m.c.i.embedder.EclipseLogger - skip non existing resourceDirectory C:\Users\xuhaolin\Desktop\Connected Devices\Semester Project\iot-gateway\src\main\resources
2018-12-08 00:11:56,580 [Worker-109: Building workspace] INFO  o.e.m.c.i.embedder.EclipseLogger - Using 'UTF-8' encoding to copy filtered resources.
2018-12-08 00:11:56,582 [Worker-109: Building workspace] INFO  o.e.m.c.i.embedder.EclipseLogger - skip non existing resourceDirectory C:\Users\xuhaolin\Desktop\Connected Devices\Semester Project\iot-gateway\src\test\resources
2018-12-08 00:11:57,707 [Worker-109: Building workspace] INFO  o.e.m.c.i.embedder.EclipseLogger - Using 'UTF-8' encoding to copy filtered resources.
2018-12-08 00:11:57,708 [Worker-109: Building workspace] INFO  o.e.m.c.i.embedder.EclipseLogger - skip non existing resourceDirectory C:\Users\xuhaolin\Desktop\Connected Devices\Semester Project\iot-gateway\src\main\resources
2018-12-08 00:11:57,710 [Worker-109: Building workspace] INFO  o.e.m.c.i.embedder.EclipseLogger - Using 'UTF-8' encoding to copy filtered resources.
2018-12-08 00:11:57,716 [Worker-109: Building workspace] INFO  o.e.m.c.i.embedder.EclipseLogger - skip non existing resourceDirectory C:\Users\xuhaolin\Desktop\Connected Devices\Semester Project\iot-gateway\src\test\resources
2018-12-08 00:12:12,890 [Worker-109: Building workspace] INFO  o.e.m.c.i.embedder.EclipseLogger - Using 'UTF-8' encoding to copy filtered resources.
2018-12-08 00:12:12,891 [Worker-109: Building workspace] INFO  o.e.m.c.i.embedder.EclipseLogger - skip non existing resourceDirectory C:\Users\xuhaolin\Desktop\Connected Devices\Semester Project\iot-gateway\src\main\resources
2018-12-08 00:12:12,893 [Worker-109: Building workspace] INFO  o.e.m.c.i.embedder.EclipseLogger - Using 'UTF-8' encoding to copy filtered resources.
2018-12-08 00:12:12,894 [Worker-109: Building workspace] INFO  o.e.m.c.i.embedder.EclipseLogger - skip non existing resourceDirectory C:\Users\xuhaolin\Desktop\Connected Devices\Semester Project\iot-gateway\src\test\resources
2018-12-08 00:12:46,013 [Worker-94: Building workspace] INFO  o.e.m.c.i.embedder.EclipseLogger - Using 'UTF-8' encoding to copy filtered resources.
2018-12-08 00:12:46,013 [Worker-94: Building workspace] INFO  o.e.m.c.i.embedder.EclipseLogger - skip non existing resourceDirectory C:\Users\xuhaolin\Desktop\Connected Devices\Semester Project\iot-gateway\src\main\resources
2018-12-08 00:12:46,016 [Worker-94: Building workspace] INFO  o.e.m.c.i.embedder.EclipseLogger - Using 'UTF-8' encoding to copy filtered resources.
2018-12-08 00:12:46,019 [Worker-94: Building workspace] INFO  o.e.m.c.i.embedder.EclipseLogger - skip non existing resourceDirectory C:\Users\xuhaolin\Desktop\Connected Devices\Semester Project\iot-gateway\src\test\resources
2018-12-08 00:15:51,051 [Worker-112: Building workspace] INFO  o.e.m.c.i.embedder.EclipseLogger - Using 'UTF-8' encoding to copy filtered resources.
2018-12-08 00:15:51,052 [Worker-112: Building workspace] INFO  o.e.m.c.i.embedder.EclipseLogger - skip non existing resourceDirectory C:\Users\xuhaolin\Desktop\Connected Devices\Semester Project\iot-gateway\src\main\resources
2018-12-08 00:15:51,054 [Worker-112: Building workspace] INFO  o.e.m.c.i.embedder.EclipseLogger - Using 'UTF-8' encoding to copy filtered resources.
2018-12-08 00:15:51,055 [Worker-112: Building workspace] INFO  o.e.m.c.i.embedder.EclipseLogger - skip non existing resourceDirectory C:\Users\xuhaolin\Desktop\Connected Devices\Semester Project\iot-gateway\src\test\resources
2018-12-08 00:22:49,023 [Worker-115: Building workspace] INFO  o.e.m.c.i.embedder.EclipseLogger - Using 'UTF-8' encoding to copy filtered resources.
2018-12-08 00:22:49,024 [Worker-115: Building workspace] INFO  o.e.m.c.i.embedder.EclipseLogger - skip non existing resourceDirectory C:\Users\xuhaolin\Desktop\Connected Devices\Semester Project\iot-gateway\src\main\resources
2018-12-08 00:22:49,026 [Worker-115: Building workspace] INFO  o.e.m.c.i.embedder.EclipseLogger - Using 'UTF-8' encoding to copy filtered resources.
2018-12-08 00:22:49,032 [Worker-115: Building workspace] INFO  o.e.m.c.i.embedder.EclipseLogger - skip non existing resourceDirectory C:\Users\xuhaolin\Desktop\Connected Devices\Semester Project\iot-gateway\src\test\resources
2018-12-08 00:23:04,616 [Worker-110: Building workspace] INFO  o.e.m.c.i.embedder.EclipseLogger - Using 'UTF-8' encoding to copy filtered resources.
2018-12-08 00:23:04,617 [Worker-110: Building workspace] INFO  o.e.m.c.i.embedder.EclipseLogger - skip non existing resourceDirectory C:\Users\xuhaolin\Desktop\Connected Devices\Semester Project\iot-gateway\src\main\resources
2018-12-08 00:23:04,619 [Worker-110: Building workspace] INFO  o.e.m.c.i.embedder.EclipseLogger - Using 'UTF-8' encoding to copy filtered resources.
2018-12-08 00:23:04,621 [Worker-110: Building workspace] INFO  o.e.m.c.i.embedder.EclipseLogger - skip non existing resourceDirectory C:\Users\xuhaolin\Desktop\Connected Devices\Semester Project\iot-gateway\src\test\resources
2018-12-08 00:26:37,271 [Worker-110: Building workspace] INFO  o.e.m.c.i.embedder.EclipseLogger - Using 'UTF-8' encoding to copy filtered resources.
2018-12-08 00:26:37,271 [Worker-110: Building workspace] INFO  o.e.m.c.i.embedder.EclipseLogger - skip non existing resourceDirectory C:\Users\xuhaolin\Desktop\Connected Devices\Semester Project\iot-gateway\src\main\resources
2018-12-08 00:26:37,272 [Worker-110: Building workspace] INFO  o.e.m.c.i.embedder.EclipseLogger - Using 'UTF-8' encoding to copy filtered resources.
2018-12-08 00:26:37,273 [Worker-110: Building workspace] INFO  o.e.m.c.i.embedder.EclipseLogger - skip non existing resourceDirectory C:\Users\xuhaolin\Desktop\Connected Devices\Semester Project\iot-gateway\src\test\resources
2018-12-08 11:35:36,858 [Worker-5: Loading available Gradle versions] INFO  c.g.t.t.d.PublishedGradleVersions - Gradle version information cache is up-to-date. Trying to read.
2018-12-08 11:35:57,927 [Worker-0: Building workspace] INFO  o.e.m.c.i.embedder.EclipseLogger - Using 'UTF-8' encoding to copy filtered resources.
2018-12-08 11:35:57,928 [Worker-0: Building workspace] INFO  o.e.m.c.i.embedder.EclipseLogger - skip non existing resourceDirectory C:\Users\xuhaolin\Desktop\Connected Devices\Semester Project\iot-gateway\src\main\resources
2018-12-08 11:35:57,930 [Worker-0: Building workspace] INFO  o.e.m.c.i.embedder.EclipseLogger - Using 'UTF-8' encoding to copy filtered resources.
2018-12-08 11:35:57,932 [Worker-0: Building workspace] INFO  o.e.m.c.i.embedder.EclipseLogger - skip non existing resourceDirectory C:\Users\xuhaolin\Desktop\Connected Devices\Semester Project\iot-gateway\src\test\resources
2018-12-08 11:59:43,041 [Worker-31: Building workspace] INFO  o.e.m.c.i.embedder.EclipseLogger - Using 'UTF-8' encoding to copy filtered resources.
2018-12-08 11:59:43,042 [Worker-31: Building workspace] INFO  o.e.m.c.i.embedder.EclipseLogger - skip non existing resourceDirectory C:\Users\xuhaolin\Desktop\Connected Devices\Semester Project\iot-gateway\src\main\resources
2018-12-08 11:59:43,043 [Worker-31: Building workspace] INFO  o.e.m.c.i.embedder.EclipseLogger - Using 'UTF-8' encoding to copy filtered resources.
2018-12-08 11:59:43,044 [Worker-31: Building workspace] INFO  o.e.m.c.i.embedder.EclipseLogger - skip non existing resourceDirectory C:\Users\xuhaolin\Desktop\Connected Devices\Semester Project\iot-gateway\src\test\resources
2018-12-08 11:59:45,382 [Worker-27: Building workspace] INFO  o.e.m.c.i.embedder.EclipseLogger - Using 'UTF-8' encoding to copy filtered resources.
2018-12-08 11:59:45,383 [Worker-27: Building workspace] INFO  o.e.m.c.i.embedder.EclipseLogger - skip non existing resourceDirectory C:\Users\xuhaolin\Desktop\Connected Devices\Semester Project\iot-gateway\src\main\resources
2018-12-08 11:59:45,385 [Worker-27: Building workspace] INFO  o.e.m.c.i.embedder.EclipseLogger - Using 'UTF-8' encoding to copy filtered resources.
2018-12-08 11:59:45,386 [Worker-27: Building workspace] INFO  o.e.m.c.i.embedder.EclipseLogger - skip non existing resourceDirectory C:\Users\xuhaolin\Desktop\Connected Devices\Semester Project\iot-gateway\src\test\resources
2018-12-08 11:59:52,512 [Worker-27: Building workspace] INFO  o.e.m.c.i.embedder.EclipseLogger - Using 'UTF-8' encoding to copy filtered resources.
2018-12-08 11:59:52,513 [Worker-27: Building workspace] INFO  o.e.m.c.i.embedder.EclipseLogger - skip non existing resourceDirectory C:\Users\xuhaolin\Desktop\Connected Devices\Semester Project\iot-gateway\src\main\resources
2018-12-08 11:59:52,516 [Worker-27: Building workspace] INFO  o.e.m.c.i.embedder.EclipseLogger - Using 'UTF-8' encoding to copy filtered resources.
2018-12-08 11:59:52,526 [Worker-27: Building workspace] INFO  o.e.m.c.i.embedder.EclipseLogger - skip non existing resourceDirectory C:\Users\xuhaolin\Desktop\Connected Devices\Semester Project\iot-gateway\src\test\resources
2018-12-08 13:56:34,638 [Worker-5: Loading available Gradle versions] INFO  c.g.t.t.d.PublishedGradleVersions - Gradle version information cache is up-to-date. Trying to read.
2018-12-08 13:57:19,042 [Worker-1: Loading available Gradle versions] INFO  c.g.t.t.d.PublishedGradleVersions - Gradle version information cache is up-to-date. Trying to read.
2018-12-08 13:57:32,633 [Worker-12: Building workspace] INFO  o.e.m.c.i.embedder.EclipseLogger - Using 'UTF-8' encoding to copy filtered resources.
2018-12-08 13:57:32,634 [Worker-12: Building workspace] INFO  o.e.m.c.i.embedder.EclipseLogger - skip non existing resourceDirectory C:\Users\xuhaolin\Desktop\Connected Devices\Semester Project\iot-gateway\src\main\resources
2018-12-08 13:57:32,635 [Worker-12: Building workspace] INFO  o.e.m.c.i.embedder.EclipseLogger - Using 'UTF-8' encoding to copy filtered resources.
2018-12-08 13:57:32,638 [Worker-12: Building workspace] INFO  o.e.m.c.i.embedder.EclipseLogger - skip non existing resourceDirectory C:\Users\xuhaolin\Desktop\Connected Devices\Semester Project\iot-gateway\src\test\resources
2018-12-08 15:50:26,511 [Worker-47: Building workspace] INFO  o.e.m.c.i.embedder.EclipseLogger - Using 'UTF-8' encoding to copy filtered resources.
2018-12-08 15:50:26,512 [Worker-47: Building workspace] INFO  o.e.m.c.i.embedder.EclipseLogger - skip non existing resourceDirectory C:\Users\xuhaolin\Desktop\Connected Devices\Semester Project\iot-gateway\src\main\resources
2018-12-08 15:50:26,513 [Worker-47: Building workspace] INFO  o.e.m.c.i.embedder.EclipseLogger - Using 'UTF-8' encoding to copy filtered resources.
2018-12-08 15:50:26,514 [Worker-47: Building workspace] INFO  o.e.m.c.i.embedder.EclipseLogger - skip non existing resourceDirectory C:\Users\xuhaolin\Desktop\Connected Devices\Semester Project\iot-gateway\src\test\resources
2018-12-08 15:51:01,058 [Worker-40: Building workspace] INFO  o.e.m.c.i.embedder.EclipseLogger - Using 'UTF-8' encoding to copy filtered resources.
2018-12-08 15:51:01,058 [Worker-40: Building workspace] INFO  o.e.m.c.i.embedder.EclipseLogger - skip non existing resourceDirectory C:\Users\xuhaolin\Desktop\Connected Devices\Semester Project\iot-gateway\src\main\resources
2018-12-08 15:51:01,058 [Worker-40: Building workspace] INFO  o.e.m.c.i.embedder.EclipseLogger - Using 'UTF-8' encoding to copy filtered resources.
2018-12-08 15:51:01,058 [Worker-40: Building workspace] INFO  o.e.m.c.i.embedder.EclipseLogger - skip non existing resourceDirectory C:\Users\xuhaolin\Desktop\Connected Devices\Semester Project\iot-gateway\src\test\resources
2018-12-08 15:51:17,435 [Worker-49: Building workspace] INFO  o.e.m.c.i.embedder.EclipseLogger - Using 'UTF-8' encoding to copy filtered resources.
2018-12-08 15:51:17,436 [Worker-49: Building workspace] INFO  o.e.m.c.i.embedder.EclipseLogger - skip non existing resourceDirectory C:\Users\xuhaolin\Desktop\Connected Devices\Semester Project\iot-gateway\src\main\resources
2018-12-08 15:51:17,437 [Worker-49: Building workspace] INFO  o.e.m.c.i.embedder.EclipseLogger - Using 'UTF-8' encoding to copy filtered resources.
2018-12-08 15:51:17,438 [Worker-49: Building workspace] INFO  o.e.m.c.i.embedder.EclipseLogger - skip non existing resourceDirectory C:\Users\xuhaolin\Desktop\Connected Devices\Semester Project\iot-gateway\src\test\resources
2018-12-08 15:51:38,828 [Worker-49: Building workspace] INFO  o.e.m.c.i.embedder.EclipseLogger - Using 'UTF-8' encoding to copy filtered resources.
2018-12-08 15:51:38,829 [Worker-49: Building workspace] INFO  o.e.m.c.i.embedder.EclipseLogger - skip non existing resourceDirectory C:\Users\xuhaolin\Desktop\Connected Devices\Semester Project\iot-gateway\src\main\resources
2018-12-08 15:51:38,830 [Worker-49: Building workspace] INFO  o.e.m.c.i.embedder.EclipseLogger - Using 'UTF-8' encoding to copy filtered resources.
2018-12-08 15:51:38,831 [Worker-49: Building workspace] INFO  o.e.m.c.i.embedder.EclipseLogger - skip non existing resourceDirectory C:\Users\xuhaolin\Desktop\Connected Devices\Semester Project\iot-gateway\src\test\resources
2018-12-08 15:52:34,008 [Worker-45: Building workspace] INFO  o.e.m.c.i.embedder.EclipseLogger - Using 'UTF-8' encoding to copy filtered resources.
2018-12-08 15:52:34,013 [Worker-45: Building workspace] INFO  o.e.m.c.i.embedder.EclipseLogger - skip non existing resourceDirectory C:\Users\xuhaolin\Desktop\Connected Devices\Semester Project\iot-gateway\src\main\resources
2018-12-08 15:52:34,014 [Worker-45: Building workspace] INFO  o.e.m.c.i.embedder.EclipseLogger - Using 'UTF-8' encoding to copy filtered resources.
2018-12-08 15:52:34,020 [Worker-45: Building workspace] INFO  o.e.m.c.i.embedder.EclipseLogger - skip non existing resourceDirectory C:\Users\xuhaolin\Desktop\Connected Devices\Semester Project\iot-gateway\src\test\resources
2018-12-08 15:53:21,685 [Worker-49: Building workspace] INFO  o.e.m.c.i.embedder.EclipseLogger - Using 'UTF-8' encoding to copy filtered resources.
2018-12-08 15:53:21,685 [Worker-49: Building workspace] INFO  o.e.m.c.i.embedder.EclipseLogger - skip non existing resourceDirectory C:\Users\xuhaolin\Desktop\Connected Devices\Semester Project\iot-gateway\src\main\resources
2018-12-08 15:53:21,685 [Worker-49: Building workspace] INFO  o.e.m.c.i.embedder.EclipseLogger - Using 'UTF-8' encoding to copy filtered resources.
2018-12-08 15:53:21,700 [Worker-49: Building workspace] INFO  o.e.m.c.i.embedder.EclipseLogger - skip non existing resourceDirectory C:\Users\xuhaolin\Desktop\Connected Devices\Semester Project\iot-gateway\src\test\resources
2018-12-08 15:53:29,969 [Worker-48: Building workspace] INFO  o.e.m.c.i.embedder.EclipseLogger - Using 'UTF-8' encoding to copy filtered resources.
2018-12-08 15:53:29,999 [Worker-48: Building workspace] INFO  o.e.m.c.i.embedder.EclipseLogger - skip non existing resourceDirectory C:\Users\xuhaolin\Desktop\Connected Devices\Semester Project\iot-gateway\src\main\resources
2018-12-08 15:53:30,001 [Worker-48: Building workspace] INFO  o.e.m.c.i.embedder.EclipseLogger - Using 'UTF-8' encoding to copy filtered resources.
2018-12-08 15:53:30,005 [Worker-48: Building workspace] INFO  o.e.m.c.i.embedder.EclipseLogger - skip non existing resourceDirectory C:\Users\xuhaolin\Desktop\Connected Devices\Semester Project\iot-gateway\src\test\resources
2018-12-08 15:53:34,726 [Worker-48: Building workspace] INFO  o.e.m.c.i.embedder.EclipseLogger - Using 'UTF-8' encoding to copy filtered resources.
2018-12-08 15:53:34,726 [Worker-48: Building workspace] INFO  o.e.m.c.i.embedder.EclipseLogger - skip non existing resourceDirectory C:\Users\xuhaolin\Desktop\Connected Devices\Semester Project\iot-gateway\src\main\resources
2018-12-08 15:53:34,743 [Worker-48: Building workspace] INFO  o.e.m.c.i.embedder.EclipseLogger - Using 'UTF-8' encoding to copy filtered resources.
2018-12-08 15:53:34,748 [Worker-48: Building workspace] INFO  o.e.m.c.i.embedder.EclipseLogger - skip non existing resourceDirectory C:\Users\xuhaolin\Desktop\Connected Devices\Semester Project\iot-gateway\src\test\resources
2018-12-08 15:53:38,058 [Worker-48: Building workspace] INFO  o.e.m.c.i.embedder.EclipseLogger - Using 'UTF-8' encoding to copy filtered resources.
2018-12-08 15:53:38,061 [Worker-48: Building workspace] INFO  o.e.m.c.i.embedder.EclipseLogger - skip non existing resourceDirectory C:\Users\xuhaolin\Desktop\Connected Devices\Semester Project\iot-gateway\src\main\resources
2018-12-08 15:53:38,062 [Worker-48: Building workspace] INFO  o.e.m.c.i.embedder.EclipseLogger - Using 'UTF-8' encoding to copy filtered resources.
2018-12-08 15:53:38,064 [Worker-48: Building workspace] INFO  o.e.m.c.i.embedder.EclipseLogger - skip non existing resourceDirectory C:\Users\xuhaolin\Desktop\Connected Devices\Semester Project\iot-gateway\src\test\resources
2018-12-08 16:09:46,803 [Worker-0: Loading available Gradle versions] INFO  c.g.t.t.d.PublishedGradleVersions - Gradle version information cache is up-to-date. Trying to read.
2018-12-08 16:09:52,662 [Worker-1: Building workspace] INFO  o.e.m.c.i.embedder.EclipseLogger - Using 'UTF-8' encoding to copy filtered resources.
2018-12-08 16:09:52,667 [Worker-1: Building workspace] INFO  o.e.m.c.i.embedder.EclipseLogger - skip non existing resourceDirectory C:\Users\xuhaolin\Desktop\Connected Devices\Semester Project\iot-gateway\src\main\resources
2018-12-08 16:09:52,671 [Worker-1: Building workspace] INFO  o.e.m.c.i.embedder.EclipseLogger - Using 'UTF-8' encoding to copy filtered resources.
2018-12-08 16:09:52,671 [Worker-1: Building workspace] INFO  o.e.m.c.i.embedder.EclipseLogger - skip non existing resourceDirectory C:\Users\xuhaolin\Desktop\Connected Devices\Semester Project\iot-gateway\src\test\resources
